B>> protocol_version
B<< HollowNoGo-Demo: /tcgdisk/M093875/TCG-Project4-sample/./nogo-ta --shell --name=Hollow-Black --black=mcts N=100 
B<< 
B<< = 2
B<< 
B>> name
B<< = Hollow-Black
B<< 
B>> version
B<< = 2021
B<< 
B>> list_commands
B<< = play
B<< genmove
B<< clear_board
B<< showboard
B<< boardsize
B<< name
B<< version
B<< protocol_version
B<< list_commands
B<< quit
B<< 
B<< 
W>> protocol_version
Connect failed; retrying in 5 sec...
Connect failed; retrying in 5 sec...
java.net.ConnectException:
Connection refused (Connection refused)
W>> name
W>> version
W>> list_commands
The Go program terminated unexpectedly.
