B>> protocol_version
B<< HollowNoGo-Judge: /tcgdisk/M093875/TCG-Project4-sample/./nogo-judge --shell --name=Judge-Weak-Black --black=weak 
B<< 
B<< = 2
B<< 
B>> name
B<< = Judge-Weak-Black
B<< 
B>> version
B<< = 2021
B<< 
B>> list_commands
B<< = play
B<< genmove
B<< clear_board
B<< showboard
B<< boardsize
B<< name
B<< version
B<< protocol_version
B<< list_commands
B<< quit
B<< 
B<< 
W>> protocol_version
W<< HollowNoGo-Demo: /tcgdisk/M093875/TCG-Project4-sample/./nogo --shell --name=Hollow-White --white=mcts N=7000 T=1000 
W<< 
W<< = 2
W<< 
W>> name
W<< = Hollow-White
W<< 
W>> version
W<< = 2021
W<< 
W>> list_commands
W<< = play
W<< genmove
W<< clear_board
W<< showboard
W<< boardsize
W<< name
W<< version
W<< protocol_version
W<< list_commands
W<< quit
W<< 
W<< 
B>> boardsize 9
B<< = 
B<< 
B>> clear_board
B<< = 
B<< 
W>> boardsize 9
W<< = 
W<< 
W>> clear_board
W<< = 
W<< 
============================================
Game 0
============================================
B>> boardsize 9
B<< = 
B<< 
B>> clear_board
B<< = 
B<< 
W>> boardsize 9
W<< = 
W<< 
W>> clear_board
W<< = 
W<< 
B>> genmove b
B<< = A1
B<< 
W>> play B A1
W<< = 
W<< 
W>> genmove w
W<< = H4
W<< 
B>> play W H4
B<< = 
B<< 
B>> genmove b
B<< = A7
B<< 
W>> play B A7
W<< = 
W<< 
W>> genmove w
W<< = B4
W<< 
B>> play W B4
B<< = 
B<< 
B>> genmove b
B<< = E8
B<< 
W>> play B E8
W<< = 
W<< 
W>> genmove w
W<< = F3
W<< 
B>> play W F3
B<< = 
B<< 
B>> genmove b
B<< = G4
B<< 
W>> play B G4
W<< = 
W<< 
W>> genmove w
W<< = H1
W<< 
B>> play W H1
B<< = 
B<< 
B>> genmove b
B<< = A4
B<< 
W>> play B A4
W<< = 
W<< 
W>> genmove w
W<< = E2
W<< 
B>> play W E2
B<< = 
B<< 
B>> genmove b
B<< = C4
B<< 
W>> play B C4
W<< = 
W<< 
W>> genmove w
W<< = J4
W<< 
B>> play W J4
B<< = 
B<< 
B>> genmove b
B<< = D7
B<< 
W>> play B D7
W<< = 
W<< 
W>> genmove w
W<< = D9
W<< 
B>> play W D9
B<< = 
B<< 
B>> genmove b
B<< = C8
B<< 
W>> play B C8
W<< = 
W<< 
W>> genmove w
W<< = A9
W<< 
B>> play W A9
B<< = 
B<< 
B>> genmove b
B<< = A8
B<< 
W>> play B A8
W<< = 
W<< 
W>> genmove w
W<< = H9
W<< 
B>> play W H9
B<< = 
B<< 
B>> genmove b
B<< = G6
B<< 
W>> play B G6
W<< = 
W<< 
W>> genmove w
W<< = F2
W<< 
B>> play W F2
B<< = 
B<< 
B>> genmove b
B<< = J8
B<< 
W>> play B J8
W<< = 
W<< 
W>> genmove w
W<< = G3
W<< 
B>> play W G3
B<< = 
B<< 
B>> genmove b
B<< = J1
B<< 
W>> play B J1
W<< = 
W<< 
W>> genmove w
W<< = A5
W<< 
B>> play W A5
B<< = 
B<< 
B>> genmove b
B<< = C2
B<< 
W>> play B C2
W<< = 
W<< 
W>> genmove w
W<< = B2
W<< 
B>> play W B2
B<< = 
B<< 
B>> genmove b
B<< = C7
B<< 
W>> play B C7
W<< = 
W<< 
W>> genmove w
W<< = C3
W<< 
B>> play W C3
B<< = 
B<< 
B>> genmove b
B<< = C6
B<< 
W>> play B C6
W<< = 
W<< 
W>> genmove w
W<< = E7
W<< 
B>> play W E7
B<< = 
B<< 
B>> genmove b
B<< = J3
B<< 
W>> play B J3
W<< = 
W<< 
W>> genmove w
W<< = E1
W<< 
B>> play W E1
B<< = 
B<< 
B>> genmove b
B<< = H8
B<< 
W>> play B H8
W<< = 
W<< 
W>> genmove w
W<< = G1
W<< 
B>> play W G1
B<< = 
B<< 
B>> genmove b
B<< = E9
B<< 
W>> play B E9
W<< = 
W<< 
W>> genmove w
W<< = B7
W<< 
B>> play W B7
B<< = 
B<< 
B>> genmove b
B<< = J5
B<< 
W>> play B J5
W<< = 
W<< 
W>> genmove w
W<< = D2
W<< 
B>> play W D2
B<< = 
B<< 
B>> genmove b
B<< = G2
B<< 
W>> play B G2
W<< = 
W<< 
W>> genmove w
W<< = A6
W<< 
B>> play W A6
B<< = 
B<< 
B>> genmove b
B<< = A2
B<< 
W>> play B A2
W<< = 
W<< 
W>> genmove w
W<< = H7
W<< 
B>> play W H7
B<< = 
B<< 
B>> genmove b
B<< = B5
B<< 
W>> play B B5
W<< = 
W<< 
W>> genmove w
W<< = D3
W<< 
B>> play W D3
B<< = 
B<< 
B>> genmove b
B<< = G9
B<< 
W>> play B G9
W<< = 
W<< 
W>> genmove w
W<< = D1
W<< 
B>> play W D1
B<< = 
B<< 
B>> genmove b
B<< = G8
B<< 
W>> play B G8
W<< = 
W<< 
W>> genmove w
W<< = F9
W<< 
B>> play W F9
B<< = 
B<< 
B>> genmove b
B<< = H2
B<< 
W>> play B H2
W<< = 
W<< 
W>> genmove w
W<< = B1
W<< 
B>> play W B1
B<< = 
B<< 
B>> genmove b
B<< = B8
B<< 
W>> play B B8
W<< = 
W<< 
W>> genmove w
W<< = J6
W<< 
B>> play W J6
B<< = 
B<< 
B>> genmove b
B<< = J2
B<< 
W>> play B J2
W<< = 
W<< 
W>> genmove w
W<< = D8
W<< 
B>> play W D8
B<< = 
B<< 
B>> genmove b
B<< = A3
B<< 
W>> play B A3
W<< = 
W<< 
W>> genmove w
W<< = H6
W<< 
B>> play W H6
B<< = 
B<< 
B>> genmove b
B<< = H5
B<< 
W>> play B H5
W<< = 
W<< 
W>> genmove w
W<< = F7
W<< 
B>> play W F7
B<< = 
B<< 
B>> genmove b
B<< = J7
B<< 
W>> play B J7
W<< = 
W<< 
W>> genmove w
W<< = E3
W<< 
B>> play W E3
B<< = 
B<< 
B>> genmove b
B<< = C5
B<< 
W>> play B C5
W<< = 
W<< 
W>> genmove w
W<< = B9
W<< 
B>> play W B9
B<< = 
B<< 
B>> genmove b
B<< = G5
B<< 
W>> play B G5
W<< = 
W<< 
W>> genmove w
W<< = F1
W<< 
B>> play W F1
B<< = 
B<< 
B>> genmove b
B<< = resign
B<< 
============================================
Game 1
============================================
B>> boardsize 9
B<< = 
B<< 
B>> clear_board
B<< = 
B<< 
W>> boardsize 9
W<< = 
W<< 
W>> clear_board
W<< = 
W<< 
B>> genmove b
B<< = J6
B<< 
W>> play B J6
W<< = 
W<< 
W>> genmove w
W<< = H2
W<< 
B>> play W H2
B<< = 
B<< 
B>> genmove b
B<< = A7
B<< 
W>> play B A7
W<< = 
W<< 
W>> genmove w
W<< = F9
W<< 
B>> play W F9
B<< = 
B<< 
B>> genmove b
B<< = H3
B<< 
W>> play B H3
W<< = 
W<< 
W>> genmove w
W<< = G6
W<< 
B>> play W G6
B<< = 
B<< 
B>> genmove b
B<< = C6
B<< 
W>> play B C6
W<< = 
W<< 
W>> genmove w
W<< = J3
W<< 
B>> play W J3
B<< = 
B<< 
B>> genmove b
B<< = G9
B<< 
W>> play B G9
W<< = 
W<< 
W>> genmove w
W<< = J7
W<< 
B>> play W J7
B<< = 
B<< 
B>> genmove b
B<< = B5
B<< 
W>> play B B5
W<< = 
W<< 
W>> genmove w
W<< = F8
W<< 
B>> play W F8
B<< = 
B<< 
B>> genmove b
B<< = H5
B<< 
W>> play B H5
W<< = 
W<< 
W>> genmove w
W<< = H4
W<< 
B>> play W H4
B<< = 
B<< 
B>> genmove b
B<< = A8
B<< 
W>> play B A8
W<< = 
W<< 
W>> genmove w
W<< = E1
W<< 
B>> play W E1
B<< = 
B<< 
B>> genmove b
B<< = A3
B<< 
W>> play B A3
W<< = 
W<< 
W>> genmove w
W<< = D9
W<< 
B>> play W D9
B<< = 
B<< 
B>> genmove b
B<< = C9
B<< 
W>> play B C9
W<< = 
W<< 
W>> genmove w
W<< = B8
W<< 
B>> play W B8
B<< = 
B<< 
B>> genmove b
B<< = F3
B<< 
W>> play B F3
W<< = 
W<< 
W>> genmove w
W<< = F2
W<< 
B>> play W F2
B<< = 
B<< 
B>> genmove b
B<< = F7
B<< 
W>> play B F7
W<< = 
W<< 
W>> genmove w
W<< = H7
W<< 
B>> play W H7
B<< = 
B<< 
B>> genmove b
B<< = J8
B<< 
W>> play B J8
W<< = 
W<< 
W>> genmove w
W<< = G5
W<< 
B>> play W G5
B<< = 
B<< 
B>> genmove b
B<< = E8
B<< 
W>> play B E8
W<< = 
W<< 
W>> genmove w
W<< = B7
W<< 
B>> play W B7
B<< = 
B<< 
B>> genmove b
B<< = D7
B<< 
W>> play B D7
W<< = 
W<< 
W>> genmove w
W<< = D3
W<< 
B>> play W D3
B<< = 
B<< 
B>> genmove b
B<< = C1
B<< 
W>> play B C1
W<< = 
W<< 
W>> genmove w
W<< = J5
W<< 
B>> play W J5
B<< = 
B<< 
B>> genmove b
B<< = F1
B<< 
W>> play B F1
W<< = 
W<< 
W>> genmove w
W<< = J1
W<< 
B>> play W J1
B<< = 
B<< 
B>> genmove b
B<< = C8
B<< 
W>> play B C8
W<< = 
W<< 
W>> genmove w
W<< = E9
W<< 
B>> play W E9
B<< = 
B<< 
B>> genmove b
B<< = J9
B<< 
W>> play B J9
W<< = 
W<< 
W>> genmove w
W<< = B1
W<< 
B>> play W B1
B<< = 
B<< 
B>> genmove b
B<< = H8
B<< 
W>> play B H8
W<< = 
W<< 
W>> genmove w
W<< = G8
W<< 
B>> play W G8
B<< = 
B<< 
B>> genmove b
B<< = H1
B<< 
W>> play B H1
W<< = 
W<< 
W>> genmove w
W<< = A9
W<< 
B>> play W A9
B<< = 
B<< 
B>> genmove b
B<< = A1
B<< 
W>> play B A1
W<< = 
W<< 
W>> genmove w
W<< = C5
W<< 
B>> play W C5
B<< = 
B<< 
B>> genmove b
B<< = C3
B<< 
W>> play B C3
W<< = 
W<< 
W>> genmove w
W<< = A5
W<< 
B>> play W A5
B<< = 
B<< 
B>> genmove b
B<< = G7
B<< 
W>> play B G7
W<< = 
W<< 
W>> genmove w
W<< = G2
W<< 
B>> play W G2
B<< = 
B<< 
B>> genmove b
B<< = B4
B<< 
W>> play B B4
W<< = 
W<< 
W>> genmove w
W<< = B6
W<< 
B>> play W B6
B<< = 
B<< 
B>> genmove b
B<< = B3
B<< 
W>> play B B3
W<< = 
W<< 
W>> genmove w
W<< = E2
W<< 
B>> play W E2
B<< = 
B<< 
B>> genmove b
B<< = A4
B<< 
W>> play B A4
W<< = 
W<< 
W>> genmove w
W<< = D1
W<< 
B>> play W D1
B<< = 
B<< 
B>> genmove b
B<< = D2
B<< 
W>> play B D2
W<< = 
W<< 
W>> genmove w
W<< = G4
W<< 
B>> play W G4
B<< = 
B<< 
B>> genmove b
B<< = C7
B<< 
W>> play B C7
W<< = 
W<< 
W>> genmove w
W<< = E3
W<< 
B>> play W E3
B<< = 
B<< 
B>> genmove b
B<< = E7
B<< 
W>> play B E7
W<< = 
W<< 
W>> genmove w
W<< = B2
W<< 
B>> play W B2
B<< = 
B<< 
B>> genmove b
B<< = C2
B<< 
W>> play B C2
W<< = 
W<< 
W>> genmove w
W<< = J2
W<< 
B>> play W J2
B<< = 
B<< 
B>> genmove b
B<< = resign
B<< 
============================================
Game 2
============================================
B>> boardsize 9
B<< = 
B<< 
B>> clear_board
B<< = 
B<< 
W>> boardsize 9
W<< = 
W<< 
W>> clear_board
W<< = 
W<< 
B>> genmove b
B<< = B6
B<< 
W>> play B B6
W<< = 
W<< 
W>> genmove w
W<< = F9
W<< 
B>> play W F9
B<< = 
B<< 
B>> genmove b
B<< = J4
B<< 
W>> play B J4
W<< = 
W<< 
W>> genmove w
W<< = C5
W<< 
B>> play W C5
B<< = 
B<< 
B>> genmove b
B<< = J9
B<< 
W>> play B J9
W<< = 
W<< 
W>> genmove w
W<< = G3
W<< 
B>> play W G3
B<< = 
B<< 
B>> genmove b
B<< = D2
B<< 
W>> play B D2
W<< = 
W<< 
W>> genmove w
W<< = A1
W<< 
B>> play W A1
B<< = 
B<< 
B>> genmove b
B<< = G6
B<< 
W>> play B G6
W<< = 
W<< 
W>> genmove w
W<< = E1
W<< 
B>> play W E1
B<< = 
B<< 
B>> genmove b
B<< = J3
B<< 
W>> play B J3
W<< = 
W<< 
W>> genmove w
W<< = H3
W<< 
B>> play W H3
B<< = 
B<< 
B>> genmove b
B<< = B8
B<< 
W>> play B B8
W<< = 
W<< 
W>> genmove w
W<< = A4
W<< 
B>> play W A4
B<< = 
B<< 
B>> genmove b
B<< = D3
B<< 
W>> play B D3
W<< = 
W<< 
W>> genmove w
W<< = A6
W<< 
B>> play W A6
B<< = 
B<< 
B>> genmove b
B<< = H4
B<< 
W>> play B H4
W<< = 
W<< 
W>> genmove w
W<< = D7
W<< 
B>> play W D7
B<< = 
B<< 
B>> genmove b
B<< = F7
B<< 
W>> play B F7
W<< = 
W<< 
W>> genmove w
W<< = H5
W<< 
B>> play W H5
B<< = 
B<< 
B>> genmove b
B<< = D8
B<< 
W>> play B D8
W<< = 
W<< 
W>> genmove w
W<< = H1
W<< 
B>> play W H1
B<< = 
B<< 
B>> genmove b
B<< = C2
B<< 
W>> play B C2
W<< = 
W<< 
W>> genmove w
W<< = E9
W<< 
B>> play W E9
B<< = 
B<< 
B>> genmove b
B<< = A9
B<< 
W>> play B A9
W<< = 
W<< 
W>> genmove w
W<< = A2
W<< 
B>> play W A2
B<< = 
B<< 
B>> genmove b
B<< = H6
B<< 
W>> play B H6
W<< = 
W<< 
W>> genmove w
W<< = D1
W<< 
B>> play W D1
B<< = 
B<< 
B>> genmove b
B<< = H2
B<< 
W>> play B H2
W<< = 
W<< 
W>> genmove w
W<< = J6
W<< 
B>> play W J6
B<< = 
B<< 
B>> genmove b
B<< = D9
B<< 
W>> play B D9
W<< = 
W<< 
W>> genmove w
W<< = E2
W<< 
B>> play W E2
B<< = 
B<< 
B>> genmove b
B<< = B1
B<< 
W>> play B B1
W<< = 
W<< 
W>> genmove w
W<< = G7
W<< 
B>> play W G7
B<< = 
B<< 
B>> genmove b
B<< = G1
B<< 
W>> play B G1
W<< = 
W<< 
W>> genmove w
W<< = A8
W<< 
B>> play W A8
B<< = 
B<< 
B>> genmove b
B<< = B3
B<< 
W>> play B B3
W<< = 
W<< 
W>> genmove w
W<< = J8
W<< 
B>> play W J8
B<< = 
B<< 
B>> genmove b
B<< = A5
B<< 
W>> play B A5
W<< = 
W<< 
W>> genmove w
W<< = C9
W<< 
B>> play W C9
B<< = 
B<< 
B>> genmove b
B<< = B7
B<< 
W>> play B B7
W<< = 
W<< 
W>> genmove w
W<< = C3
W<< 
B>> play W C3
B<< = 
B<< 
B>> genmove b
B<< = C6
B<< 
W>> play B C6
W<< = 
W<< 
W>> genmove w
W<< = C1
W<< 
B>> play W C1
B<< = 
B<< 
B>> genmove b
B<< = C7
B<< 
W>> play B C7
W<< = 
W<< 
W>> genmove w
W<< = E3
W<< 
B>> play W E3
B<< = 
B<< 
B>> genmove b
B<< = B2
B<< 
W>> play B B2
W<< = 
W<< 
W>> genmove w
W<< = F2
W<< 
B>> play W F2
B<< = 
B<< 
B>> genmove b
B<< = J7
B<< 
W>> play B J7
W<< = 
W<< 
W>> genmove w
W<< = G2
W<< 
B>> play W G2
B<< = 
B<< 
B>> genmove b
B<< = B4
B<< 
W>> play B B4
W<< = 
W<< 
W>> genmove w
W<< = G5
W<< 
B>> play W G5
B<< = 
B<< 
B>> genmove b
B<< = C8
B<< 
W>> play B C8
W<< = 
W<< 
W>> genmove w
W<< = G4
W<< 
B>> play W G4
B<< = 
B<< 
B>> genmove b
B<< = B5
B<< 
W>> play B B5
W<< = 
W<< 
W>> genmove w
W<< = J1
W<< 
B>> play W J1
B<< = 
B<< 
B>> genmove b
B<< = E8
B<< 
W>> play B E8
W<< = 
W<< 
W>> genmove w
W<< = F8
W<< 
B>> play W F8
B<< = 
B<< 
B>> genmove b
B<< = G9
B<< 
W>> play B G9
W<< = 
W<< 
W>> genmove w
W<< = G8
W<< 
B>> play W G8
B<< = 
B<< 
B>> genmove b
B<< = H9
B<< 
W>> play B H9
W<< = 
W<< 
W>> genmove w
W<< = F3
W<< 
B>> play W F3
B<< = 
B<< 
B>> genmove b
B<< = H7
B<< 
W>> play B H7
W<< = 
W<< 
W>> genmove w
W<< = J5
W<< 
B>> play W J5
B<< = 
B<< 
B>> genmove b
B<< = resign
B<< 
============================================
Game 3
============================================
B>> boardsize 9
B<< = 
B<< 
B>> clear_board
B<< = 
B<< 
W>> boardsize 9
W<< = 
W<< 
W>> clear_board
W<< = 
W<< 
B>> genmove b
B<< = G5
B<< 
W>> play B G5
W<< = 
W<< 
W>> genmove w
W<< = D2
W<< 
B>> play W D2
B<< = 
B<< 
B>> genmove b
B<< = J3
B<< 
W>> play B J3
W<< = 
W<< 
W>> genmove w
W<< = E3
W<< 
B>> play W E3
B<< = 
B<< 
B>> genmove b
B<< = B8
B<< 
W>> play B B8
W<< = 
W<< 
W>> genmove w
W<< = J5
W<< 
B>> play W J5
B<< = 
B<< 
B>> genmove b
B<< = A4
B<< 
W>> play B A4
W<< = 
W<< 
W>> genmove w
W<< = D1
W<< 
B>> play W D1
B<< = 
B<< 
B>> genmove b
B<< = J6
B<< 
W>> play B J6
W<< = 
W<< 
W>> genmove w
W<< = H8
W<< 
B>> play W H8
B<< = 
B<< 
B>> genmove b
B<< = G4
B<< 
W>> play B G4
W<< = 
W<< 
W>> genmove w
W<< = F2
W<< 
B>> play W F2
B<< = 
B<< 
B>> genmove b
B<< = C1
B<< 
W>> play B C1
W<< = 
W<< 
W>> genmove w
W<< = G3
W<< 
B>> play W G3
B<< = 
B<< 
B>> genmove b
B<< = E7
B<< 
W>> play B E7
W<< = 
W<< 
W>> genmove w
W<< = C5
W<< 
B>> play W C5
B<< = 
B<< 
B>> genmove b
B<< = H6
B<< 
W>> play B H6
W<< = 
W<< 
W>> genmove w
W<< = C9
W<< 
B>> play W C9
B<< = 
B<< 
B>> genmove b
B<< = H9
B<< 
W>> play B H9
W<< = 
W<< 
W>> genmove w
W<< = F8
W<< 
B>> play W F8
B<< = 
B<< 
B>> genmove b
B<< = B2
B<< 
W>> play B B2
W<< = 
W<< 
W>> genmove w
W<< = A8
W<< 
B>> play W A8
B<< = 
B<< 
B>> genmove b
B<< = A2
B<< 
W>> play B A2
W<< = 
W<< 
W>> genmove w
W<< = A5
W<< 
B>> play W A5
B<< = 
B<< 
B>> genmove b
B<< = J1
B<< 
W>> play B J1
W<< = 
W<< 
W>> genmove w
W<< = J7
W<< 
B>> play W J7
B<< = 
B<< 
B>> genmove b
B<< = G1
B<< 
W>> play B G1
W<< = 
W<< 
W>> genmove w
W<< = H2
W<< 
B>> play W H2
B<< = 
B<< 
B>> genmove b
B<< = F1
B<< 
W>> play B F1
W<< = 
W<< 
W>> genmove w
W<< = G7
W<< 
B>> play W G7
B<< = 
B<< 
B>> genmove b
B<< = J8
B<< 
W>> play B J8
W<< = 
W<< 
W>> genmove w
W<< = F9
W<< 
B>> play W F9
B<< = 
B<< 
B>> genmove b
B<< = H3
B<< 
W>> play B H3
W<< = 
W<< 
W>> genmove w
W<< = A9
W<< 
B>> play W A9
B<< = 
B<< 
B>> genmove b
B<< = G8
B<< 
W>> play B G8
W<< = 
W<< 
W>> genmove w
W<< = D7
W<< 
B>> play W D7
B<< = 
B<< 
B>> genmove b
B<< = G2
B<< 
W>> play B G2
W<< = 
W<< 
W>> genmove w
W<< = C3
W<< 
B>> play W C3
B<< = 
B<< 
B>> genmove b
B<< = B3
B<< 
W>> play B B3
W<< = 
W<< 
W>> genmove w
W<< = B6
W<< 
B>> play W B6
B<< = 
B<< 
B>> genmove b
B<< = E2
B<< 
W>> play B E2
W<< = 
W<< 
W>> genmove w
W<< = H1
W<< 
B>> play W H1
B<< = 
B<< 
B>> genmove b
B<< = C4
B<< 
W>> play B C4
W<< = 
W<< 
W>> genmove w
W<< = C7
W<< 
B>> play W C7
B<< = 
B<< 
B>> genmove b
B<< = H4
B<< 
W>> play B H4
W<< = 
W<< 
W>> genmove w
W<< = E8
W<< 
B>> play W E8
B<< = 
B<< 
B>> genmove b
B<< = H5
B<< 
W>> play B H5
W<< = 
W<< 
W>> genmove w
W<< = C8
W<< 
B>> play W C8
B<< = 
B<< 
B>> genmove b
B<< = E9
B<< 
W>> play B E9
W<< = 
W<< 
W>> genmove w
W<< = A7
W<< 
B>> play W A7
B<< = 
B<< 
B>> genmove b
B<< = B7
B<< 
W>> play B B7
W<< = 
W<< 
W>> genmove w
W<< = D8
W<< 
B>> play W D8
B<< = 
B<< 
B>> genmove b
B<< = G9
B<< 
W>> play B G9
W<< = 
W<< 
W>> genmove w
W<< = A1
W<< 
B>> play W A1
B<< = 
B<< 
B>> genmove b
B<< = A3
B<< 
W>> play B A3
W<< = 
W<< 
W>> genmove w
W<< = G6
W<< 
B>> play W G6
B<< = 
B<< 
B>> genmove b
B<< = B5
B<< 
W>> play B B5
W<< = 
W<< 
W>> genmove w
W<< = H7
W<< 
B>> play W H7
B<< = 
B<< 
B>> genmove b
B<< = C2
B<< 
W>> play B C2
W<< = 
W<< 
W>> genmove w
W<< = C6
W<< 
B>> play W C6
B<< = 
B<< 
B>> genmove b
B<< = B4
B<< 
W>> play B B4
W<< = 
W<< 
W>> genmove w
W<< = D3
W<< 
B>> play W D3
B<< = 
B<< 
B>> genmove b
B<< = resign
B<< 
============================================
Game 4
============================================
B>> boardsize 9
B<< = 
B<< 
B>> clear_board
B<< = 
B<< 
W>> boardsize 9
W<< = 
W<< 
W>> clear_board
W<< = 
W<< 
B>> genmove b
B<< = G8
B<< 
W>> play B G8
W<< = 
W<< 
W>> genmove w
W<< = D1
W<< 
B>> play W D1
B<< = 
B<< 
B>> genmove b
B<< = H1
B<< 
W>> play B H1
W<< = 
W<< 
W>> genmove w
W<< = J3
W<< 
B>> play W J3
B<< = 
B<< 
B>> genmove b
B<< = J5
B<< 
W>> play B J5
W<< = 
W<< 
W>> genmove w
W<< = E7
W<< 
B>> play W E7
B<< = 
B<< 
B>> genmove b
B<< = A4
B<< 
W>> play B A4
W<< = 
W<< 
W>> genmove w
W<< = B2
W<< 
B>> play W B2
B<< = 
B<< 
B>> genmove b
B<< = F8
B<< 
W>> play B F8
W<< = 
W<< 
W>> genmove w
W<< = A9
W<< 
B>> play W A9
B<< = 
B<< 
B>> genmove b
B<< = G5
B<< 
W>> play B G5
W<< = 
W<< 
W>> genmove w
W<< = G1
W<< 
B>> play W G1
B<< = 
B<< 
B>> genmove b
B<< = F1
B<< 
W>> play B F1
W<< = 
W<< 
W>> genmove w
W<< = J7
W<< 
B>> play W J7
B<< = 
B<< 
B>> genmove b
B<< = J9
B<< 
W>> play B J9
W<< = 
W<< 
W>> genmove w
W<< = G7
W<< 
B>> play W G7
B<< = 
B<< 
B>> genmove b
B<< = C5
B<< 
W>> play B C5
W<< = 
W<< 
W>> genmove w
W<< = G3
W<< 
B>> play W G3
B<< = 
B<< 
B>> genmove b
B<< = E9
B<< 
W>> play B E9
W<< = 
W<< 
W>> genmove w
W<< = H5
W<< 
B>> play W H5
B<< = 
B<< 
B>> genmove b
B<< = D7
B<< 
W>> play B D7
W<< = 
W<< 
W>> genmove w
W<< = F9
W<< 
B>> play W F9
B<< = 
B<< 
B>> genmove b
B<< = E3
B<< 
W>> play B E3
W<< = 
W<< 
W>> genmove w
W<< = A5
W<< 
B>> play W A5
B<< = 
B<< 
B>> genmove b
B<< = H2
B<< 
W>> play B H2
W<< = 
W<< 
W>> genmove w
W<< = D2
W<< 
B>> play W D2
B<< = 
B<< 
B>> genmove b
B<< = F7
B<< 
W>> play B F7
W<< = 
W<< 
W>> genmove w
W<< = H4
W<< 
B>> play W H4
B<< = 
B<< 
B>> genmove b
B<< = D8
B<< 
W>> play B D8
W<< = 
W<< 
W>> genmove w
W<< = C8
W<< 
B>> play W C8
B<< = 
B<< 
B>> genmove b
B<< = A7
B<< 
W>> play B A7
W<< = 
W<< 
W>> genmove w
W<< = B1
W<< 
B>> play W B1
B<< = 
B<< 
B>> genmove b
B<< = B4
B<< 
W>> play B B4
W<< = 
W<< 
W>> genmove w
W<< = D3
W<< 
B>> play W D3
B<< = 
B<< 
B>> genmove b
B<< = H7
B<< 
W>> play B H7
W<< = 
W<< 
W>> genmove w
W<< = C2
W<< 
B>> play W C2
B<< = 
B<< 
B>> genmove b
B<< = F2
B<< 
W>> play B F2
W<< = 
W<< 
W>> genmove w
W<< = D9
W<< 
B>> play W D9
B<< = 
B<< 
B>> genmove b
B<< = J6
B<< 
W>> play B J6
W<< = 
W<< 
W>> genmove w
W<< = B6
W<< 
B>> play W B6
B<< = 
B<< 
B>> genmove b
B<< = H8
B<< 
W>> play B H8
W<< = 
W<< 
W>> genmove w
W<< = B7
W<< 
B>> play W B7
B<< = 
B<< 
B>> genmove b
B<< = E2
B<< 
W>> play B E2
W<< = 
W<< 
W>> genmove w
W<< = C6
W<< 
B>> play W C6
B<< = 
B<< 
B>> genmove b
B<< = J4
B<< 
W>> play B J4
W<< = 
W<< 
W>> genmove w
W<< = A3
W<< 
B>> play W A3
B<< = 
B<< 
B>> genmove b
B<< = C3
B<< 
W>> play B C3
W<< = 
W<< 
W>> genmove w
W<< = B9
W<< 
B>> play W B9
B<< = 
B<< 
B>> genmove b
B<< = E1
B<< 
W>> play B E1
W<< = 
W<< 
W>> genmove w
W<< = A8
W<< 
B>> play W A8
B<< = 
B<< 
B>> genmove b
B<< = H9
B<< 
W>> play B H9
W<< = 
W<< 
W>> genmove w
W<< = J1
W<< 
B>> play W J1
B<< = 
B<< 
B>> genmove b
B<< = C7
B<< 
W>> play B C7
W<< = 
W<< 
W>> genmove w
W<< = G6
W<< 
B>> play W G6
B<< = 
B<< 
B>> genmove b
B<< = A1
B<< 
W>> play B A1
W<< = 
W<< 
W>> genmove w
W<< = B5
W<< 
B>> play W B5
B<< = 
B<< 
B>> genmove b
B<< = H3
B<< 
W>> play B H3
W<< = 
W<< 
W>> genmove w
W<< = F3
W<< 
B>> play W F3
B<< = 
B<< 
B>> genmove b
B<< = B3
B<< 
W>> play B B3
W<< = 
W<< 
W>> genmove w
W<< = B8
W<< 
B>> play W B8
B<< = 
B<< 
B>> genmove b
B<< = resign
B<< 
B>> quit
W>> quit
