B>> protocol_version
B<< HollowNoGo-Demo: /tcgdisk/M093875/TCG-Project4-sample/./nogo --shell --name=Hollow-Black --black=mcts N=2000 T=1000 
B<< 
B<< = 2
B<< 
B>> name
B<< = Hollow-Black
B<< 
B>> version
B<< = 2021
B<< 
B>> list_commands
B<< = play
B<< genmove
B<< clear_board
B<< showboard
B<< boardsize
B<< name
B<< version
B<< protocol_version
B<< list_commands
B<< quit
B<< 
B<< 
W>> protocol_version
W<< HollowNoGo-Judge: /tcgdisk/M093875/TCG-Project4-sample/./nogo-judge --shell --name=Judge-Weak-White --white=weak 
W<< 
W<< = 2
W<< 
W>> name
W<< = Judge-Weak-White
W<< 
W>> version
W<< = 2021
W<< 
W>> list_commands
W<< = play
W<< genmove
W<< clear_board
W<< showboard
W<< boardsize
W<< name
W<< version
W<< protocol_version
W<< list_commands
W<< quit
W<< 
W<< 
B>> boardsize 9
B<< = 
B<< 
B>> clear_board
B<< = 
B<< 
W>> boardsize 9
W<< = 
W<< 
W>> clear_board
W<< = 
W<< 
============================================
Game 0
============================================
B>> boardsize 9
B<< = 
B<< 
B>> clear_board
B<< = 
B<< 
W>> boardsize 9
W<< = 
W<< 
W>> clear_board
W<< = 
W<< 
B>> genmove b
B<< search cycle: 8688
B<< = A8
B<< 
W>> play B A8
W<< = 
W<< 
W>> genmove w
W<< = H3
W<< 
B>> play W H3
B<< = 
B<< 
B>> genmove b
B<< search cycle: 8769
B<< = G4
B<< 
W>> play B G4
W<< = 
W<< 
W>> genmove w
W<< = C1
W<< 
B>> play W C1
B<< = 
B<< 
B>> genmove b
B<< search cycle: 8834
B<< = F3
B<< 
W>> play B F3
W<< = 
W<< 
W>> genmove w
W<< = F9
W<< 
B>> play W F9
B<< = 
B<< 
B>> genmove b
B<< search cycle: 8916
B<< = C2
B<< 
W>> play B C2
W<< = 
W<< 
W>> genmove w
W<< = B9
W<< 
B>> play W B9
B<< = 
B<< 
B>> genmove b
B<< search cycle: 9128
B<< = G1
B<< 
W>> play B G1
W<< = 
W<< 
W>> genmove w
W<< = A1
W<< 
B>> play W A1
B<< = 
B<< 
B>> genmove b
B<< search cycle: 9175
B<< = G9
B<< 
W>> play B G9
W<< = 
W<< 
W>> genmove w
W<< = B8
W<< 
B>> play W B8
B<< = 
B<< 
B>> genmove b
B<< search cycle: 9310
B<< = F8
B<< 
W>> play B F8
W<< = 
W<< 
W>> genmove w
W<< = B4
W<< 
B>> play W B4
B<< = 
B<< 
B>> genmove b
B<< search cycle: 9429
B<< = A6
B<< 
W>> play B A6
W<< = 
W<< 
W>> genmove w
W<< = H4
W<< 
B>> play W H4
B<< = 
B<< 
B>> genmove b
B<< search cycle: 9446
B<< = E7
B<< 
W>> play B E7
W<< = 
W<< 
W>> genmove w
W<< = G7
W<< 
B>> play W G7
B<< = 
B<< 
B>> genmove b
B<< search cycle: 9719
B<< = D1
B<< 
W>> play B D1
W<< = 
W<< 
W>> genmove w
W<< = F7
W<< 
B>> play W F7
B<< = 
B<< 
B>> genmove b
B<< search cycle: 9974
B<< = J5
B<< 
W>> play B J5
W<< = 
W<< 
W>> genmove w
W<< = B3
W<< 
B>> play W B3
B<< = 
B<< 
B>> genmove b
B<< search cycle: 10266
B<< = C9
B<< 
W>> play B C9
W<< = 
W<< 
W>> genmove w
W<< = B5
W<< 
B>> play W B5
B<< = 
B<< 
B>> genmove b
B<< search cycle: 10150
B<< = J8
B<< 
W>> play B J8
W<< = 
W<< 
W>> genmove w
W<< = H5
W<< 
B>> play W H5
B<< = 
B<< 
B>> genmove b
B<< search cycle: 9837
B<< = D3
B<< 
W>> play B D3
W<< = 
W<< 
W>> genmove w
W<< = A3
W<< 
B>> play W A3
B<< = 
B<< 
B>> genmove b
B<< search cycle: 9954
B<< = A2
B<< 
W>> play B A2
W<< = 
W<< 
W>> genmove w
W<< = C5
W<< 
B>> play W C5
B<< = 
B<< 
B>> genmove b
B<< search cycle: 10237
B<< = E2
B<< 
W>> play B E2
W<< = 
W<< 
W>> genmove w
W<< = C7
W<< 
B>> play W C7
B<< = 
B<< 
B>> genmove b
B<< search cycle: 9877
B<< = B6
B<< 
W>> play B B6
W<< = 
W<< 
W>> genmove w
W<< = E1
W<< 
B>> play W E1
B<< = 
B<< 
B>> genmove b
B<< search cycle: 10815
B<< = H6
B<< 
W>> play B H6
W<< = 
W<< 
W>> genmove w
W<< = E8
W<< 
B>> play W E8
B<< = 
B<< 
B>> genmove b
B<< search cycle: 10907
B<< = J1
B<< 
W>> play B J1
W<< = 
W<< 
W>> genmove w
W<< = A5
W<< 
B>> play W A5
B<< = 
B<< 
B>> genmove b
B<< search cycle: 11967
B<< = D8
B<< 
W>> play B D8
W<< = 
W<< 
W>> genmove w
W<< = J7
W<< 
B>> play W J7
B<< = 
B<< 
B>> genmove b
B<< search cycle: 12638
B<< = C4
B<< 
W>> play B C4
W<< = 
W<< 
W>> genmove w
W<< = B7
W<< 
B>> play W B7
B<< = 
B<< 
B>> genmove b
B<< search cycle: 12944
B<< = G2
B<< 
W>> play B G2
W<< = 
W<< 
W>> genmove w
W<< = H1
W<< 
B>> play W H1
B<< = 
B<< 
B>> genmove b
B<< search cycle: 13517
B<< = F2
B<< 
W>> play B F2
W<< = 
W<< 
W>> genmove w
W<< = J9
W<< 
B>> play W J9
B<< = 
B<< 
B>> genmove b
B<< search cycle: 12824
B<< = A9
B<< 
W>> play B A9
W<< = 
W<< 
W>> genmove w
W<< = D9
W<< 
B>> play W D9
B<< = 
B<< 
B>> genmove b
B<< search cycle: 13917
B<< = A7
B<< 
W>> play B A7
W<< = 
W<< 
W>> genmove w
W<< = J4
W<< 
B>> play W J4
B<< = 
B<< 
B>> genmove b
B<< search cycle: 14785
B<< = J2
B<< 
W>> play B J2
W<< = 
W<< 
W>> genmove w
W<< = J3
W<< 
B>> play W J3
B<< = 
B<< 
B>> genmove b
B<< search cycle: 15486
B<< = H7
B<< 
W>> play B H7
W<< = 
W<< 
W>> genmove w
W<< = H9
W<< 
B>> play W H9
B<< = 
B<< 
B>> genmove b
B<< search cycle: 15942
B<< = D7
B<< 
W>> play B D7
W<< = 
W<< 
W>> genmove w
W<< = B1
W<< 
B>> play W B1
B<< = 
B<< 
B>> genmove b
B<< search cycle: 15345
B<< = D2
B<< 
W>> play B D2
W<< = 
W<< 
W>> genmove w
W<< = G3
W<< 
B>> play W G3
B<< = 
B<< 
B>> genmove b
B<< search cycle: 21322
B<< = G8
B<< 
W>> play B G8
W<< = 
W<< 
W>> genmove w
W<< = A4
W<< 
B>> play W A4
B<< = 
B<< 
B>> genmove b
B<< search cycle: 29058
B<< = G5
B<< 
W>> play B G5
W<< = 
W<< 
W>> genmove w
W<< = resign
W<< 
============================================
Game 1
============================================
B>> boardsize 9
B<< = 
B<< 
B>> clear_board
B<< = 
B<< 
W>> boardsize 9
W<< = 
W<< 
W>> clear_board
W<< = 
W<< 
B>> genmove b
B<< search cycle: 8687
B<< = H1
B<< 
W>> play B H1
W<< = 
W<< 
W>> genmove w
W<< = J8
W<< 
B>> play W J8
B<< = 
B<< 
B>> genmove b
B<< search cycle: 8628
B<< = A1
B<< 
W>> play B A1
W<< = 
W<< 
W>> genmove w
W<< = E3
W<< 
B>> play W E3
B<< = 
B<< 
B>> genmove b
B<< search cycle: 8661
B<< = E2
B<< 
W>> play B E2
W<< = 
W<< 
W>> genmove w
W<< = A9
W<< 
B>> play W A9
B<< = 
B<< 
B>> genmove b
B<< search cycle: 8770
B<< = A6
B<< 
W>> play B A6
W<< = 
W<< 
W>> genmove w
W<< = G5
W<< 
B>> play W G5
B<< = 
B<< 
B>> genmove b
B<< search cycle: 8867
B<< = A2
B<< 
W>> play B A2
W<< = 
W<< 
W>> genmove w
W<< = H2
W<< 
B>> play W H2
B<< = 
B<< 
B>> genmove b
B<< search cycle: 9087
B<< = C4
B<< 
W>> play B C4
W<< = 
W<< 
W>> genmove w
W<< = H7
W<< 
B>> play W H7
B<< = 
B<< 
B>> genmove b
B<< search cycle: 9219
B<< = F1
B<< 
W>> play B F1
W<< = 
W<< 
W>> genmove w
W<< = J4
W<< 
B>> play W J4
B<< = 
B<< 
B>> genmove b
B<< search cycle: 9179
B<< = G6
B<< 
W>> play B G6
W<< = 
W<< 
W>> genmove w
W<< = C2
W<< 
B>> play W C2
B<< = 
B<< 
B>> genmove b
B<< search cycle: 9488
B<< = D3
B<< 
W>> play B D3
W<< = 
W<< 
W>> genmove w
W<< = J6
W<< 
B>> play W J6
B<< = 
B<< 
B>> genmove b
B<< search cycle: 9711
B<< = F7
B<< 
W>> play B F7
W<< = 
W<< 
W>> genmove w
W<< = A4
W<< 
B>> play W A4
B<< = 
B<< 
B>> genmove b
B<< search cycle: 9689
B<< = H5
B<< 
W>> play B H5
W<< = 
W<< 
W>> genmove w
W<< = C3
W<< 
B>> play W C3
B<< = 
B<< 
B>> genmove b
B<< search cycle: 10252
B<< = G3
B<< 
W>> play B G3
W<< = 
W<< 
W>> genmove w
W<< = B1
W<< 
B>> play W B1
B<< = 
B<< 
B>> genmove b
B<< search cycle: 10422
B<< = D1
B<< 
W>> play B D1
W<< = 
W<< 
W>> genmove w
W<< = E7
W<< 
B>> play W E7
B<< = 
B<< 
B>> genmove b
B<< search cycle: 10752
B<< = G9
B<< 
W>> play B G9
W<< = 
W<< 
W>> genmove w
W<< = A5
W<< 
B>> play W A5
B<< = 
B<< 
B>> genmove b
B<< search cycle: 10932
B<< = J3
B<< 
W>> play B J3
W<< = 
W<< 
W>> genmove w
W<< = E9
W<< 
B>> play W E9
B<< = 
B<< 
B>> genmove b
B<< search cycle: 11453
B<< = C9
B<< 
W>> play B C9
W<< = 
W<< 
W>> genmove w
W<< = G1
W<< 
B>> play W G1
B<< = 
B<< 
B>> genmove b
B<< search cycle: 12067
B<< = C7
B<< 
W>> play B C7
W<< = 
W<< 
W>> genmove w
W<< = H3
W<< 
B>> play W H3
B<< = 
B<< 
B>> genmove b
B<< search cycle: 12306
B<< = B8
B<< 
W>> play B B8
W<< = 
W<< 
W>> genmove w
W<< = C6
W<< 
B>> play W C6
B<< = 
B<< 
B>> genmove b
B<< search cycle: 12747
B<< = J9
B<< 
W>> play B J9
W<< = 
W<< 
W>> genmove w
W<< = F8
W<< 
B>> play W F8
B<< = 
B<< 
B>> genmove b
B<< search cycle: 13219
B<< = D8
B<< 
W>> play B D8
W<< = 
W<< 
W>> genmove w
W<< = B9
W<< 
B>> play W B9
B<< = 
B<< 
B>> genmove b
B<< search cycle: 13753
B<< = F2
B<< 
W>> play B F2
W<< = 
W<< 
W>> genmove w
W<< = H4
W<< 
B>> play W H4
B<< = 
B<< 
B>> genmove b
B<< search cycle: 13144
B<< = J5
B<< 
W>> play B J5
W<< = 
W<< 
W>> genmove w
W<< = B7
W<< 
B>> play W B7
B<< = 
B<< 
B>> genmove b
B<< search cycle: 14544
B<< = H8
B<< 
W>> play B H8
W<< = 
W<< 
W>> genmove w
W<< = G8
W<< 
B>> play W G8
B<< = 
B<< 
B>> genmove b
B<< search cycle: 15363
B<< = E8
B<< 
W>> play B E8
W<< = 
W<< 
W>> genmove w
W<< = B3
W<< 
B>> play W B3
B<< = 
B<< 
B>> genmove b
B<< search cycle: 15702
B<< = F9
B<< 
W>> play B F9
W<< = 
W<< 
W>> genmove w
W<< = C1
W<< 
B>> play W C1
B<< = 
B<< 
B>> genmove b
B<< search cycle: 16618
B<< = B2
B<< 
W>> play B B2
W<< = 
W<< 
W>> genmove w
W<< = A7
W<< 
B>> play W A7
B<< = 
B<< 
B>> genmove b
B<< search cycle: 17836
B<< = B4
B<< 
W>> play B B4
W<< = 
W<< 
W>> genmove w
W<< = B5
W<< 
B>> play W B5
B<< = 
B<< 
B>> genmove b
B<< search cycle: 17592
B<< = E1
B<< 
W>> play B E1
W<< = 
W<< 
W>> genmove w
W<< = J7
W<< 
B>> play W J7
B<< = 
B<< 
B>> genmove b
B<< search cycle: 19682
B<< = D2
B<< 
W>> play B D2
W<< = 
W<< 
W>> genmove w
W<< = A8
W<< 
B>> play W A8
B<< = 
B<< 
B>> genmove b
B<< search cycle: 26975
B<< = C8
B<< 
W>> play B C8
W<< = 
W<< 
W>> genmove w
W<< = G4
W<< 
B>> play W G4
B<< = 
B<< 
B>> genmove b
B<< search cycle: 37293
B<< = H6
B<< 
W>> play B H6
W<< = 
W<< 
W>> genmove w
W<< = G2
W<< 
B>> play W G2
B<< = 
B<< 
B>> genmove b
B<< search cycle: 53911
B<< = J1
B<< 
W>> play B J1
W<< = 
W<< 
W>> genmove w
W<< = resign
W<< 
============================================
Game 2
============================================
B>> boardsize 9
B<< = 
B<< 
B>> clear_board
B<< = 
B<< 
W>> boardsize 9
W<< = 
W<< 
W>> clear_board
W<< = 
W<< 
B>> genmove b
B<< search cycle: 8736
B<< = F9
B<< 
W>> play B F9
W<< = 
W<< 
W>> genmove w
W<< = C2
W<< 
B>> play W C2
B<< = 
B<< 
B>> genmove b
B<< search cycle: 8797
B<< = E3
B<< 
W>> play B E3
W<< = 
W<< 
W>> genmove w
W<< = G9
W<< 
B>> play W G9
B<< = 
B<< 
B>> genmove b
B<< search cycle: 8936
B<< = H7
B<< 
W>> play B H7
W<< = 
W<< 
W>> genmove w
W<< = H9
W<< 
B>> play W H9
B<< = 
B<< 
B>> genmove b
B<< search cycle: 9041
B<< = J6
B<< 
W>> play B J6
W<< = 
W<< 
W>> genmove w
W<< = D2
W<< 
B>> play W D2
B<< = 
B<< 
B>> genmove b
B<< search cycle: 8821
B<< = H1
B<< 
W>> play B H1
W<< = 
W<< 
W>> genmove w
W<< = H4
W<< 
B>> play W H4
B<< = 
B<< 
B>> genmove b
B<< search cycle: 9128
B<< = G4
B<< 
W>> play B G4
W<< = 
W<< 
W>> genmove w
W<< = G1
W<< 
B>> play W G1
B<< = 
B<< 
B>> genmove b
B<< search cycle: 9126
B<< = E8
B<< 
W>> play B E8
W<< = 
W<< 
W>> genmove w
W<< = A6
W<< 
B>> play W A6
B<< = 
B<< 
B>> genmove b
B<< search cycle: 9272
B<< = G7
B<< 
W>> play B G7
W<< = 
W<< 
W>> genmove w
W<< = A7
W<< 
B>> play W A7
B<< = 
B<< 
B>> genmove b
B<< search cycle: 9112
B<< = F7
B<< 
W>> play B F7
W<< = 
W<< 
W>> genmove w
W<< = B5
W<< 
B>> play W B5
B<< = 
B<< 
B>> genmove b
B<< search cycle: 8824
B<< = A2
B<< 
W>> play B A2
W<< = 
W<< 
W>> genmove w
W<< = A9
W<< 
B>> play W A9
B<< = 
B<< 
B>> genmove b
B<< search cycle: 9022
B<< = F2
B<< 
W>> play B F2
W<< = 
W<< 
W>> genmove w
W<< = J1
W<< 
B>> play W J1
B<< = 
B<< 
B>> genmove b
B<< search cycle: 9159
B<< = B8
B<< 
W>> play B B8
W<< = 
W<< 
W>> genmove w
W<< = H8
W<< 
B>> play W H8
B<< = 
B<< 
B>> genmove b
B<< search cycle: 9565
B<< = C5
B<< 
W>> play B C5
W<< = 
W<< 
W>> genmove w
W<< = B6
W<< 
B>> play W B6
B<< = 
B<< 
B>> genmove b
B<< search cycle: 9328
B<< = A5
B<< 
W>> play B A5
W<< = 
W<< 
W>> genmove w
W<< = H5
W<< 
B>> play W H5
B<< = 
B<< 
B>> genmove b
B<< search cycle: 9852
B<< = J8
B<< 
W>> play B J8
W<< = 
W<< 
W>> genmove w
W<< = J3
W<< 
B>> play W J3
B<< = 
B<< 
B>> genmove b
B<< search cycle: 10155
B<< = D7
B<< 
W>> play B D7
W<< = 
W<< 
W>> genmove w
W<< = C4
W<< 
B>> play W C4
B<< = 
B<< 
B>> genmove b
B<< search cycle: 10107
B<< = G6
B<< 
W>> play B G6
W<< = 
W<< 
W>> genmove w
W<< = A1
W<< 
B>> play W A1
B<< = 
B<< 
B>> genmove b
B<< search cycle: 10053
B<< = H6
B<< 
W>> play B H6
W<< = 
W<< 
W>> genmove w
W<< = C9
W<< 
B>> play W C9
B<< = 
B<< 
B>> genmove b
B<< search cycle: 10068
B<< = C1
B<< 
W>> play B C1
W<< = 
W<< 
W>> genmove w
W<< = G8
W<< 
B>> play W G8
B<< = 
B<< 
B>> genmove b
B<< search cycle: 9524
B<< = C3
B<< 
W>> play B C3
W<< = 
W<< 
W>> genmove w
W<< = J2
W<< 
B>> play W J2
B<< = 
B<< 
B>> genmove b
B<< search cycle: 11132
B<< = D9
B<< 
W>> play B D9
W<< = 
W<< 
W>> genmove w
W<< = C7
W<< 
B>> play W C7
B<< = 
B<< 
B>> genmove b
B<< search cycle: 11980
B<< = A8
B<< 
W>> play B A8
W<< = 
W<< 
W>> genmove w
W<< = J5
W<< 
B>> play W J5
B<< = 
B<< 
B>> genmove b
B<< search cycle: 12937
B<< = C8
B<< 
W>> play B C8
W<< = 
W<< 
W>> genmove w
W<< = A3
W<< 
B>> play W A3
B<< = 
B<< 
B>> genmove b
B<< search cycle: 13368
B<< = G3
B<< 
W>> play B G3
W<< = 
W<< 
W>> genmove w
W<< = D1
W<< 
B>> play W D1
B<< = 
B<< 
B>> genmove b
B<< search cycle: 13476
B<< = G2
B<< 
W>> play B G2
W<< = 
W<< 
W>> genmove w
W<< = J9
W<< 
B>> play W J9
B<< = 
B<< 
B>> genmove b
B<< search cycle: 13930
B<< = G5
B<< 
W>> play B G5
W<< = 
W<< 
W>> genmove w
W<< = D3
W<< 
B>> play W D3
B<< = 
B<< 
B>> genmove b
B<< search cycle: 13458
B<< = B2
B<< 
W>> play B B2
W<< = 
W<< 
W>> genmove w
W<< = B4
W<< 
B>> play W B4
B<< = 
B<< 
B>> genmove b
B<< search cycle: 14240
B<< = F3
B<< 
W>> play B F3
W<< = 
W<< 
W>> genmove w
W<< = H3
W<< 
B>> play W H3
B<< = 
B<< 
B>> genmove b
B<< search cycle: 13819
B<< = E9
B<< 
W>> play B E9
W<< = 
W<< 
W>> genmove w
W<< = J4
W<< 
B>> play W J4
B<< = 
B<< 
B>> genmove b
B<< search cycle: 14826
B<< = E7
B<< 
W>> play B E7
W<< = 
W<< 
W>> genmove w
W<< = E2
W<< 
B>> play W E2
B<< = 
B<< 
B>> genmove b
B<< search cycle: 18122
B<< = D8
B<< 
W>> play B D8
W<< = 
W<< 
W>> genmove w
W<< = E1
W<< 
B>> play W E1
B<< = 
B<< 
B>> genmove b
B<< search cycle: 24466
B<< = J7
B<< 
W>> play B J7
W<< = 
W<< 
W>> genmove w
W<< = B7
W<< 
B>> play W B7
B<< = 
B<< 
B>> genmove b
B<< search cycle: 39381
B<< = B3
B<< 
W>> play B B3
W<< = 
W<< 
W>> genmove w
W<< = resign
W<< 
============================================
Game 3
============================================
B>> boardsize 9
B<< = 
B<< 
B>> clear_board
B<< = 
B<< 
W>> boardsize 9
W<< = 
W<< 
W>> clear_board
W<< = 
W<< 
B>> genmove b
B<< search cycle: 8646
B<< = J9
B<< 
W>> play B J9
W<< = 
W<< 
W>> genmove w
W<< = H4
W<< 
B>> play W H4
B<< = 
B<< 
B>> genmove b
B<< search cycle: 8772
B<< = A2
B<< 
W>> play B A2
W<< = 
W<< 
W>> genmove w
W<< = H2
W<< 
B>> play W H2
B<< = 
B<< 
B>> genmove b
B<< search cycle: 8687
B<< = B4
B<< 
W>> play B B4
W<< = 
W<< 
W>> genmove w
W<< = B8
W<< 
B>> play W B8
B<< = 
B<< 
B>> genmove b
B<< search cycle: 8849
B<< = B2
B<< 
W>> play B B2
W<< = 
W<< 
W>> genmove w
W<< = G9
W<< 
B>> play W G9
B<< = 
B<< 
B>> genmove b
B<< search cycle: 8876
B<< = F9
B<< 
W>> play B F9
W<< = 
W<< 
W>> genmove w
W<< = E2
W<< 
B>> play W E2
B<< = 
B<< 
B>> genmove b
B<< search cycle: 8943
B<< = G4
B<< 
W>> play B G4
W<< = 
W<< 
W>> genmove w
W<< = G3
W<< 
B>> play W G3
B<< = 
B<< 
B>> genmove b
B<< search cycle: 9055
B<< = E1
B<< 
W>> play B E1
W<< = 
W<< 
W>> genmove w
W<< = C8
W<< 
B>> play W C8
B<< = 
B<< 
B>> genmove b
B<< search cycle: 9029
B<< = D3
B<< 
W>> play B D3
W<< = 
W<< 
W>> genmove w
W<< = D7
W<< 
B>> play W D7
B<< = 
B<< 
B>> genmove b
B<< search cycle: 9233
B<< = A7
B<< 
W>> play B A7
W<< = 
W<< 
W>> genmove w
W<< = J8
W<< 
B>> play W J8
B<< = 
B<< 
B>> genmove b
B<< search cycle: 9422
B<< = J6
B<< 
W>> play B J6
W<< = 
W<< 
W>> genmove w
W<< = C1
W<< 
B>> play W C1
B<< = 
B<< 
B>> genmove b
B<< search cycle: 9674
B<< = G2
B<< 
W>> play B G2
W<< = 
W<< 
W>> genmove w
W<< = A1
W<< 
B>> play W A1
B<< = 
B<< 
B>> genmove b
B<< search cycle: 10171
B<< = F7
B<< 
W>> play B F7
W<< = 
W<< 
W>> genmove w
W<< = D1
W<< 
B>> play W D1
B<< = 
B<< 
B>> genmove b
B<< search cycle: 10322
B<< = J1
B<< 
W>> play B J1
W<< = 
W<< 
W>> genmove w
W<< = A3
W<< 
B>> play W A3
B<< = 
B<< 
B>> genmove b
B<< search cycle: 10489
B<< = J4
B<< 
W>> play B J4
W<< = 
W<< 
W>> genmove w
W<< = F2
W<< 
B>> play W F2
B<< = 
B<< 
B>> genmove b
B<< search cycle: 10963
B<< = A9
B<< 
W>> play B A9
W<< = 
W<< 
W>> genmove w
W<< = J2
W<< 
B>> play W J2
B<< = 
B<< 
B>> genmove b
B<< search cycle: 11345
B<< = E3
B<< 
W>> play B E3
W<< = 
W<< 
W>> genmove w
W<< = G7
W<< 
B>> play W G7
B<< = 
B<< 
B>> genmove b
B<< search cycle: 11930
B<< = F3
B<< 
W>> play B F3
W<< = 
W<< 
W>> genmove w
W<< = B6
W<< 
B>> play W B6
B<< = 
B<< 
B>> genmove b
B<< search cycle: 12291
B<< = C7
B<< 
W>> play B C7
W<< = 
W<< 
W>> genmove w
W<< = C4
W<< 
B>> play W C4
B<< = 
B<< 
B>> genmove b
B<< search cycle: 13004
B<< = J3
B<< 
W>> play B J3
W<< = 
W<< 
W>> genmove w
W<< = H8
W<< 
B>> play W H8
B<< = 
B<< 
B>> genmove b
B<< search cycle: 13412
B<< = C9
B<< 
W>> play B C9
W<< = 
W<< 
W>> genmove w
W<< = A5
W<< 
B>> play W A5
B<< = 
B<< 
B>> genmove b
B<< search cycle: 13835
B<< = D2
B<< 
W>> play B D2
W<< = 
W<< 
W>> genmove w
W<< = H5
W<< 
B>> play W H5
B<< = 
B<< 
B>> genmove b
B<< search cycle: 14105
B<< = E8
B<< 
W>> play B E8
W<< = 
W<< 
W>> genmove w
W<< = D9
W<< 
B>> play W D9
B<< = 
B<< 
B>> genmove b
B<< search cycle: 14684
B<< = D8
B<< 
W>> play B D8
W<< = 
W<< 
W>> genmove w
W<< = C5
W<< 
B>> play W C5
B<< = 
B<< 
B>> genmove b
B<< search cycle: 14275
B<< = G8
B<< 
W>> play B G8
W<< = 
W<< 
W>> genmove w
W<< = H6
W<< 
B>> play W H6
B<< = 
B<< 
B>> genmove b
B<< search cycle: 16074
B<< = H7
B<< 
W>> play B H7
W<< = 
W<< 
W>> genmove w
W<< = G6
W<< 
B>> play W G6
B<< = 
B<< 
B>> genmove b
B<< search cycle: 17948
B<< = B5
B<< 
W>> play B B5
W<< = 
W<< 
W>> genmove w
W<< = J5
W<< 
B>> play W J5
B<< = 
B<< 
B>> genmove b
B<< search cycle: 19531
B<< = A6
B<< 
W>> play B A6
W<< = 
W<< 
W>> genmove w
W<< = B3
W<< 
B>> play W B3
B<< = 
B<< 
B>> genmove b
B<< search cycle: 20435
B<< = C3
B<< 
W>> play B C3
W<< = 
W<< 
W>> genmove w
W<< = B7
W<< 
B>> play W B7
B<< = 
B<< 
B>> genmove b
B<< search cycle: 31628
B<< = G1
B<< 
W>> play B G1
W<< = 
W<< 
W>> genmove w
W<< = B1
W<< 
B>> play W B1
B<< = 
B<< 
B>> genmove b
B<< search cycle: 45606
B<< = F8
B<< 
W>> play B F8
W<< = 
W<< 
W>> genmove w
W<< = resign
W<< 
============================================
Game 4
============================================
B>> boardsize 9
B<< = 
B<< 
B>> clear_board
B<< = 
B<< 
W>> boardsize 9
W<< = 
W<< 
W>> clear_board
W<< = 
W<< 
B>> genmove b
B<< search cycle: 8690
B<< = A6
B<< 
W>> play B A6
W<< = 
W<< 
W>> genmove w
W<< = B5
W<< 
B>> play W B5
B<< = 
B<< 
B>> genmove b
B<< search cycle: 8758
B<< = J9
B<< 
W>> play B J9
W<< = 
W<< 
W>> genmove w
W<< = B7
W<< 
B>> play W B7
B<< = 
B<< 
B>> genmove b
B<< search cycle: 8964
B<< = J4
B<< 
W>> play B J4
W<< = 
W<< 
W>> genmove w
W<< = J1
W<< 
B>> play W J1
B<< = 
B<< 
B>> genmove b
B<< search cycle: 8941
B<< = A1
B<< 
W>> play B A1
W<< = 
W<< 
W>> genmove w
W<< = J6
W<< 
B>> play W J6
B<< = 
B<< 
B>> genmove b
B<< search cycle: 9004
B<< = C7
B<< 
W>> play B C7
W<< = 
W<< 
W>> genmove w
W<< = G8
W<< 
B>> play W G8
B<< = 
B<< 
B>> genmove b
B<< search cycle: 9267
B<< = B9
B<< 
W>> play B B9
W<< = 
W<< 
W>> genmove w
W<< = H6
W<< 
B>> play W H6
B<< = 
B<< 
B>> genmove b
B<< search cycle: 9266
B<< = F3
B<< 
W>> play B F3
W<< = 
W<< 
W>> genmove w
W<< = J5
W<< 
B>> play W J5
B<< = 
B<< 
B>> genmove b
B<< search cycle: 9386
B<< = E7
B<< 
W>> play B E7
W<< = 
W<< 
W>> genmove w
W<< = B2
W<< 
B>> play W B2
B<< = 
B<< 
B>> genmove b
B<< search cycle: 9403
B<< = B6
B<< 
W>> play B B6
W<< = 
W<< 
W>> genmove w
W<< = B8
W<< 
B>> play W B8
B<< = 
B<< 
B>> genmove b
B<< search cycle: 9628
B<< = E2
B<< 
W>> play B E2
W<< = 
W<< 
W>> genmove w
W<< = J3
W<< 
B>> play W J3
B<< = 
B<< 
B>> genmove b
B<< search cycle: 9905
B<< = F9
B<< 
W>> play B F9
W<< = 
W<< 
W>> genmove w
W<< = C9
W<< 
B>> play W C9
B<< = 
B<< 
B>> genmove b
B<< search cycle: 10053
B<< = G5
B<< 
W>> play B G5
W<< = 
W<< 
W>> genmove w
W<< = D8
W<< 
B>> play W D8
B<< = 
B<< 
B>> genmove b
B<< search cycle: 10251
B<< = C1
B<< 
W>> play B C1
W<< = 
W<< 
W>> genmove w
W<< = G1
W<< 
B>> play W G1
B<< = 
B<< 
B>> genmove b
B<< search cycle: 10575
B<< = D3
B<< 
W>> play B D3
W<< = 
W<< 
W>> genmove w
W<< = F1
W<< 
B>> play W F1
B<< = 
B<< 
B>> genmove b
B<< search cycle: 10636
B<< = E1
B<< 
W>> play B E1
W<< = 
W<< 
W>> genmove w
W<< = C3
W<< 
B>> play W C3
B<< = 
B<< 
B>> genmove b
B<< search cycle: 11066
B<< = H1
B<< 
W>> play B H1
W<< = 
W<< 
W>> genmove w
W<< = B3
W<< 
B>> play W B3
B<< = 
B<< 
B>> genmove b
B<< search cycle: 11181
B<< = J7
B<< 
W>> play B J7
W<< = 
W<< 
W>> genmove w
W<< = A3
W<< 
B>> play W A3
B<< = 
B<< 
B>> genmove b
B<< search cycle: 10933
B<< = D9
B<< 
W>> play B D9
W<< = 
W<< 
W>> genmove w
W<< = D2
W<< 
B>> play W D2
B<< = 
B<< 
B>> genmove b
B<< search cycle: 11833
B<< = B4
B<< 
W>> play B B4
W<< = 
W<< 
W>> genmove w
W<< = G9
W<< 
B>> play W G9
B<< = 
B<< 
B>> genmove b
B<< search cycle: 12790
B<< = A2
B<< 
W>> play B A2
W<< = 
W<< 
W>> genmove w
W<< = H8
W<< 
B>> play W H8
B<< = 
B<< 
B>> genmove b
B<< search cycle: 13051
B<< = G7
B<< 
W>> play B G7
W<< = 
W<< 
W>> genmove w
W<< = G3
W<< 
B>> play W G3
B<< = 
B<< 
B>> genmove b
B<< search cycle: 13657
B<< = C2
B<< 
W>> play B C2
W<< = 
W<< 
W>> genmove w
W<< = C8
W<< 
B>> play W C8
B<< = 
B<< 
B>> genmove b
B<< search cycle: 14472
B<< = F8
B<< 
W>> play B F8
W<< = 
W<< 
W>> genmove w
W<< = C4
W<< 
B>> play W C4
B<< = 
B<< 
B>> genmove b
B<< search cycle: 14710
B<< = A8
B<< 
W>> play B A8
W<< = 
W<< 
W>> genmove w
W<< = A7
W<< 
B>> play W A7
B<< = 
B<< 
B>> genmove b
B<< search cycle: 16059
B<< = E8
B<< 
W>> play B E8
W<< = 
W<< 
W>> genmove w
W<< = H9
W<< 
B>> play W H9
B<< = 
B<< 
B>> genmove b
B<< search cycle: 16826
B<< = H7
B<< 
W>> play B H7
W<< = 
W<< 
W>> genmove w
W<< = F2
W<< 
B>> play W F2
B<< = 
B<< 
B>> genmove b
B<< search cycle: 18257
B<< = C6
B<< 
W>> play B C6
W<< = 
W<< 
W>> genmove w
W<< = C5
W<< 
B>> play W C5
B<< = 
B<< 
B>> genmove b
B<< search cycle: 19050
B<< = H4
B<< 
W>> play B H4
W<< = 
W<< 
W>> genmove w
W<< = H3
W<< 
B>> play W H3
B<< = 
B<< 
B>> genmove b
B<< search cycle: 19815
B<< = A4
B<< 
W>> play B A4
W<< = 
W<< 
W>> genmove w
W<< = J2
W<< 
B>> play W J2
B<< = 
B<< 
B>> genmove b
B<< search cycle: 22451
B<< = H2
B<< 
W>> play B H2
W<< = 
W<< 
W>> genmove w
W<< = G6
W<< 
B>> play W G6
B<< = 
B<< 
B>> genmove b
B<< search cycle: 35222
B<< = F7
B<< 
W>> play B F7
W<< = 
W<< 
W>> genmove w
W<< = G4
W<< 
B>> play W G4
B<< = 
B<< 
B>> genmove b
B<< search cycle: 51386
B<< = B1
B<< 
W>> play B B1
W<< = 
W<< 
W>> genmove w
W<< = resign
W<< 
B>> quit
W>> quit
