B>> protocol_version
B<< HollowNoGo-Demo: /tcgdisk/M093875/TCG-Project4-sample/./nogo --shell --name=Hollow-Black --black=mcts N=1 
B<< 
B<< = 2
B<< 
B>> name
B<< = Hollow-Black
B<< 
B>> version
B<< = 2021
B<< 
B>> list_commands
B<< = play
B<< genmove
B<< clear_board
B<< showboard
B<< boardsize
B<< name
B<< version
B<< protocol_version
B<< list_commands
B<< quit
B<< 
B<< 
W>> protocol_version
W<< HollowNoGo-Judge: ./nogo-judge --shell --name=Judge-Medium --black=medium --white=medium 
W<< 
W<< = 2
W<< 
W>> name
W<< = Judge-Medium
W<< 
W>> version
W<< = 2021
W<< 
W>> list_commands
W<< = play
W<< genmove
W<< clear_board
W<< showboard
W<< boardsize
W<< name
W<< version
W<< protocol_version
W<< list_commands
W<< quit
W<< 
W<< 
B>> boardsize 9
B<< = 
B<< 
B>> clear_board
B<< = 
B<< 
W>> boardsize 9
W<< = 
W<< 
W>> clear_board
W<< = 
W<< 
============================================
Game 0
============================================
B>> boardsize 9
B<< = 
B<< 
B>> clear_board
B<< = 
B<< 
W>> boardsize 9
W<< = 
W<< 
W>> clear_board
W<< = 
W<< 
B>> genmove b
B<< search cycle: 8727
B<< = A8
B<< 
W>> play B A8
W<< = 
W<< 
W>> genmove w
W<< = A1
W<< 
B>> play W A1
B<< = 
B<< 
B>> genmove b
B<< search cycle: 8843
B<< = G3
B<< 
W>> play B G3
W<< = 
W<< 
W>> genmove w
W<< = G9
W<< 
B>> play W G9
B<< = 
B<< 
B>> genmove b
B<< search cycle: 8881
B<< = H3
B<< 
W>> play B H3
W<< = 
W<< 
W>> genmove w
W<< = D9
W<< 
B>> play W D9
B<< = 
B<< 
B>> genmove b
B<< search cycle: 8812
B<< = A3
B<< 
W>> play B A3
W<< = 
W<< 
W>> genmove w
W<< = D3
W<< 
B>> play W D3
B<< = 
B<< 
B>> genmove b
B<< search cycle: 8741
B<< = F1
B<< 
W>> play B F1
W<< = 
W<< 
W>> genmove w
W<< = J1
W<< 
B>> play W J1
B<< = 
B<< 
B>> genmove b
B<< search cycle: 9144
B<< = H1
B<< 
W>> play B H1
W<< = 
W<< 
W>> genmove w
W<< = J6
W<< 
B>> play W J6
B<< = 
B<< 
B>> genmove b
B<< search cycle: 8866
B<< = E2
B<< 
W>> play B E2
W<< = 
W<< 
W>> genmove w
W<< = A4
W<< 
B>> play W A4
B<< = 
B<< 
B>> genmove b
B<< search cycle: 9259
B<< = G6
B<< 
W>> play B G6
W<< = 
W<< 
W>> genmove w
W<< = G1
W<< 
B>> play W G1
B<< = 
B<< 
B>> genmove b
B<< search cycle: 9276
B<< = F3
B<< 
W>> play B F3
W<< = 
W<< 
W>> genmove w
W<< = C7
W<< 
B>> play W C7
B<< = 
B<< 
B>> genmove b
B<< search cycle: 9408
B<< = J8
B<< 
W>> play B J8
W<< = 
W<< 
W>> genmove w
W<< = J4
W<< 
B>> play W J4
B<< = 
B<< 
B>> genmove b
B<< search cycle: 9657
B<< = A6
B<< 
W>> play B A6
W<< = 
W<< 
W>> genmove w
W<< = F8
W<< 
B>> play W F8
B<< = 
B<< 
B>> genmove b
B<< search cycle: 9657
B<< = H6
B<< 
W>> play B H6
W<< = 
W<< 
W>> genmove w
W<< = G5
W<< 
B>> play W G5
B<< = 
B<< 
B>> genmove b
B<< search cycle: 10131
B<< = D1
B<< 
W>> play B D1
W<< = 
W<< 
W>> genmove w
W<< = C5
W<< 
B>> play W C5
B<< = 
B<< 
B>> genmove b
B<< search cycle: 10266
B<< = H9
B<< 
W>> play B H9
W<< = 
W<< 
W>> genmove w
W<< = E9
W<< 
B>> play W E9
B<< = 
B<< 
B>> genmove b
B<< search cycle: 10383
B<< = G8
B<< 
W>> play B G8
W<< = 
W<< 
W>> genmove w
W<< = B6
W<< 
B>> play W B6
B<< = 
B<< 
B>> genmove b
B<< search cycle: 10661
B<< = C3
B<< 
W>> play B C3
W<< = 
W<< 
W>> genmove w
W<< = F7
W<< 
B>> play W F7
B<< = 
B<< 
B>> genmove b
B<< search cycle: 11110
B<< = J7
B<< 
W>> play B J7
W<< = 
W<< 
W>> genmove w
W<< = E8
W<< 
B>> play W E8
B<< = 
B<< 
B>> genmove b
B<< search cycle: 10629
B<< = B4
B<< 
W>> play B B4
W<< = 
W<< 
W>> genmove w
W<< = B5
W<< 
B>> play W B5
B<< = 
B<< 
B>> genmove b
B<< search cycle: 11230
B<< = B2
B<< 
W>> play B B2
W<< = 
W<< 
W>> genmove w
W<< = A9
W<< 
B>> play W A9
B<< = 
B<< 
B>> genmove b
B<< search cycle: 11461
B<< = E7
B<< 
W>> play B E7
W<< = 
W<< 
W>> genmove w
W<< = G7
W<< 
B>> play W G7
B<< = 
B<< 
B>> genmove b
B<< search cycle: 12115
B<< = J3
B<< 
W>> play B J3
W<< = 
W<< 
W>> genmove w
W<< = A2
W<< 
B>> play W A2
B<< = 
B<< 
B>> genmove b
B<< search cycle: 12665
B<< = C1
B<< 
W>> play B C1
W<< = 
W<< 
W>> genmove w
W<< = C4
W<< 
B>> play W C4
B<< = 
B<< 
B>> genmove b
B<< search cycle: 12872
B<< = C9
B<< 
W>> play B C9
W<< = 
W<< 
W>> genmove w
W<< = F2
W<< 
B>> play W F2
B<< = 
B<< 
B>> genmove b
B<< search cycle: 14235
B<< = D2
B<< 
W>> play B D2
W<< = 
W<< 
W>> genmove w
W<< = F9
W<< 
B>> play W F9
B<< = 
B<< 
B>> genmove b
B<< search cycle: 14896
B<< = H2
B<< 
W>> play B H2
W<< = 
W<< 
W>> genmove w
W<< = H7
W<< 
B>> play W H7
B<< = 
B<< 
B>> genmove b
B<< search cycle: 15865
B<< = B7
B<< 
W>> play B B7
W<< = 
W<< 
W>> genmove w
W<< = G4
W<< 
B>> play W G4
B<< = 
B<< 
B>> genmove b
B<< search cycle: 17879
B<< = H5
B<< 
W>> play B H5
W<< = 
W<< 
W>> genmove w
W<< = C8
W<< 
B>> play W C8
B<< = 
B<< 
B>> genmove b
B<< search cycle: 18283
B<< = D8
B<< 
W>> play B D8
W<< = 
W<< 
W>> genmove w
W<< = B8
W<< 
B>> play W B8
B<< = 
B<< 
B>> genmove b
B<< search cycle: 19514
B<< = A7
B<< 
W>> play B A7
W<< = 
W<< 
W>> genmove w
W<< = J5
W<< 
B>> play W J5
B<< = 
B<< 
B>> genmove b
B<< search cycle: 30884
B<< = B3
B<< 
W>> play B B3
W<< = 
W<< 
W>> genmove w
W<< = C6
W<< 
B>> play W C6
B<< = 
B<< 
B>> genmove b
B<< search cycle: 46152
B<< = C2
B<< 
W>> play B C2
W<< = 
W<< 
W>> genmove w
W<< = resign
W<< 
============================================
Game 1
============================================
B>> boardsize 9
B<< = 
B<< 
B>> clear_board
B<< = 
B<< 
W>> boardsize 9
W<< = 
W<< 
W>> clear_board
W<< = 
W<< 
B>> genmove b
B<< search cycle: 8793
B<< = A1
B<< 
W>> play B A1
W<< = 
W<< 
W>> genmove w
W<< = A9
W<< 
B>> play W A9
B<< = 
B<< 
B>> genmove b
B<< search cycle: 8899
B<< = F7
B<< 
W>> play B F7
W<< = 
W<< 
W>> genmove w
W<< = F3
W<< 
B>> play W F3
B<< = 
B<< 
B>> genmove b
B<< search cycle: 8895
B<< = D1
B<< 
W>> play B D1
W<< = 
W<< 
W>> genmove w
W<< = C1
W<< 
B>> play W C1
B<< = 
B<< 
B>> genmove b
B<< search cycle: 9060
B<< = H3
B<< 
W>> play B H3
W<< = 
W<< 
W>> genmove w
W<< = G9
W<< 
B>> play W G9
B<< = 
B<< 
B>> genmove b
B<< search cycle: 9157
B<< = C9
B<< 
W>> play B C9
W<< = 
W<< 
W>> genmove w
W<< = C3
W<< 
B>> play W C3
B<< = 
B<< 
B>> genmove b
B<< search cycle: 9357
B<< = J8
B<< 
W>> play B J8
W<< = 
W<< 
W>> genmove w
W<< = J1
W<< 
B>> play W J1
B<< = 
B<< 
B>> genmove b
B<< search cycle: 9492
B<< = A8
B<< 
W>> play B A8
W<< = 
W<< 
W>> genmove w
W<< = A7
W<< 
B>> play W A7
B<< = 
B<< 
B>> genmove b
B<< search cycle: 9448
B<< = E9
B<< 
W>> play B E9
W<< = 
W<< 
W>> genmove w
W<< = B4
W<< 
B>> play W B4
B<< = 
B<< 
B>> genmove b
B<< search cycle: 9360
B<< = H6
B<< 
W>> play B H6
W<< = 
W<< 
W>> genmove w
W<< = J7
W<< 
B>> play W J7
B<< = 
B<< 
B>> genmove b
B<< search cycle: 9761
B<< = B3
B<< 
W>> play B B3
W<< = 
W<< 
W>> genmove w
W<< = G5
W<< 
B>> play W G5
B<< = 
B<< 
B>> genmove b
B<< search cycle: 10164
B<< = A4
B<< 
W>> play B A4
W<< = 
W<< 
W>> genmove w
W<< = A2
W<< 
B>> play W A2
B<< = 
B<< 
B>> genmove b
B<< search cycle: 10299
B<< = H9
B<< 
W>> play B H9
W<< = 
W<< 
W>> genmove w
W<< = C6
W<< 
B>> play W C6
B<< = 
B<< 
B>> genmove b
B<< search cycle: 10487
B<< = G2
B<< 
W>> play B G2
W<< = 
W<< 
W>> genmove w
W<< = H8
W<< 
B>> play W H8
B<< = 
B<< 
B>> genmove b
B<< search cycle: 10862
B<< = D8
B<< 
W>> play B D8
W<< = 
W<< 
W>> genmove w
W<< = C8
W<< 
B>> play W C8
B<< = 
B<< 
B>> genmove b
B<< search cycle: 11263
B<< = J2
B<< 
W>> play B J2
W<< = 
W<< 
W>> genmove w
W<< = J3
W<< 
B>> play W J3
B<< = 
B<< 
B>> genmove b
B<< search cycle: 11730
B<< = G6
B<< 
W>> play B G6
W<< = 
W<< 
W>> genmove w
W<< = E8
W<< 
B>> play W E8
B<< = 
B<< 
B>> genmove b
B<< search cycle: 12229
B<< = E7
B<< 
W>> play B E7
W<< = 
W<< 
W>> genmove w
W<< = D7
W<< 
B>> play W D7
B<< = 
B<< 
B>> genmove b
B<< search cycle: 13087
B<< = C2
B<< 
W>> play B C2
W<< = 
W<< 
W>> genmove w
W<< = B9
W<< 
B>> play W B9
B<< = 
B<< 
B>> genmove b
B<< search cycle: 13278
B<< = G1
B<< 
W>> play B G1
W<< = 
W<< 
W>> genmove w
W<< = C5
W<< 
B>> play W C5
B<< = 
B<< 
B>> genmove b
B<< search cycle: 13183
B<< = J6
B<< 
W>> play B J6
W<< = 
W<< 
W>> genmove w
W<< = E1
W<< 
B>> play W E1
B<< = 
B<< 
B>> genmove b
B<< search cycle: 13945
B<< = G4
B<< 
W>> play B G4
W<< = 
W<< 
W>> genmove w
W<< = B5
W<< 
B>> play W B5
B<< = 
B<< 
B>> genmove b
B<< search cycle: 14262
B<< = G8
B<< 
W>> play B G8
W<< = 
W<< 
W>> genmove w
W<< = G3
W<< 
B>> play W G3
B<< = 
B<< 
B>> genmove b
B<< search cycle: 15415
B<< = E3
B<< 
W>> play B E3
W<< = 
W<< 
W>> genmove w
W<< = H1
W<< 
B>> play W H1
B<< = 
B<< 
B>> genmove b
B<< search cycle: 16451
B<< = H4
B<< 
W>> play B H4
W<< = 
W<< 
W>> genmove w
W<< = B6
W<< 
B>> play W B6
B<< = 
B<< 
B>> genmove b
B<< search cycle: 15995
B<< = J5
B<< 
W>> play B J5
W<< = 
W<< 
W>> genmove w
W<< = A5
W<< 
B>> play W A5
B<< = 
B<< 
B>> genmove b
B<< search cycle: 16291
B<< = G7
B<< 
W>> play B G7
W<< = 
W<< 
W>> genmove w
W<< = B2
W<< 
B>> play W B2
B<< = 
B<< 
B>> genmove b
B<< search cycle: 18500
B<< = D2
B<< 
W>> play B D2
W<< = 
W<< 
W>> genmove w
W<< = F9
W<< 
B>> play W F9
B<< = 
B<< 
B>> genmove b
B<< search cycle: 20409
B<< = D3
B<< 
W>> play B D3
W<< = 
W<< 
W>> genmove w
W<< = F1
W<< 
B>> play W F1
B<< = 
B<< 
B>> genmove b
B<< search cycle: 26585
B<< = B7
B<< 
W>> play B B7
W<< = 
W<< 
W>> genmove w
W<< = F2
W<< 
B>> play W F2
B<< = 
B<< 
B>> genmove b
B<< search cycle: 56161
B<< = resign
B<< 
============================================
Game 2
============================================
B>> boardsize 9
B<< = 
B<< 
B>> clear_board
B<< = 
B<< 
W>> boardsize 9
W<< = 
W<< 
W>> clear_board
W<< = 
W<< 
B>> genmove b
B<< search cycle: 8760
B<< = G9
B<< 
W>> play B G9
W<< = 
W<< 
W>> genmove w
W<< = A7
W<< 
B>> play W A7
B<< = 
B<< 
B>> genmove b
B<< search cycle: 8856
B<< = J9
B<< 
W>> play B J9
W<< = 
W<< 
W>> genmove w
W<< = J7
W<< 
B>> play W J7
B<< = 
B<< 
B>> genmove b
B<< search cycle: 8879
B<< = B5
B<< 
W>> play B B5
W<< = 
W<< 
W>> genmove w
W<< = J2
W<< 
B>> play W J2
B<< = 
B<< 
B>> genmove b
B<< search cycle: 9052
B<< = F2
B<< 
W>> play B F2
W<< = 
W<< 
W>> genmove w
W<< = G8
W<< 
B>> play W G8
B<< = 
B<< 
B>> genmove b
B<< search cycle: 9144
B<< = G3
B<< 
W>> play B G3
W<< = 
W<< 
W>> genmove w
W<< = A3
W<< 
B>> play W A3
B<< = 
B<< 
B>> genmove b
B<< search cycle: 9112
B<< = C9
B<< 
W>> play B C9
W<< = 
W<< 
W>> genmove w
W<< = F9
W<< 
B>> play W F9
B<< = 
B<< 
B>> genmove b
B<< search cycle: 9419
B<< = E9
B<< 
W>> play B E9
W<< = 
W<< 
W>> genmove w
W<< = G4
W<< 
B>> play W G4
B<< = 
B<< 
B>> genmove b
B<< search cycle: 9462
B<< = D7
B<< 
W>> play B D7
W<< = 
W<< 
W>> genmove w
W<< = A1
W<< 
B>> play W A1
B<< = 
B<< 
B>> genmove b
B<< search cycle: 9783
B<< = G5
B<< 
W>> play B G5
W<< = 
W<< 
W>> genmove w
W<< = B3
W<< 
B>> play W B3
B<< = 
B<< 
B>> genmove b
B<< search cycle: 9863
B<< = G6
B<< 
W>> play B G6
W<< = 
W<< 
W>> genmove w
W<< = F3
W<< 
B>> play W F3
B<< = 
B<< 
B>> genmove b
B<< search cycle: 10182
B<< = E1
B<< 
W>> play B E1
W<< = 
W<< 
W>> genmove w
W<< = F1
W<< 
B>> play W F1
B<< = 
B<< 
B>> genmove b
B<< search cycle: 10513
B<< = J1
B<< 
W>> play B J1
W<< = 
W<< 
W>> genmove w
W<< = J5
W<< 
B>> play W J5
B<< = 
B<< 
B>> genmove b
B<< search cycle: 10801
B<< = H3
B<< 
W>> play B H3
W<< = 
W<< 
W>> genmove w
W<< = B4
W<< 
B>> play W B4
B<< = 
B<< 
B>> genmove b
B<< search cycle: 10798
B<< = H8
B<< 
W>> play B H8
W<< = 
W<< 
W>> genmove w
W<< = H7
W<< 
B>> play W H7
B<< = 
B<< 
B>> genmove b
B<< search cycle: 11260
B<< = B2
B<< 
W>> play B B2
W<< = 
W<< 
W>> genmove w
W<< = A5
W<< 
B>> play W A5
B<< = 
B<< 
B>> genmove b
B<< search cycle: 11822
B<< = A8
B<< 
W>> play B A8
W<< = 
W<< 
W>> genmove w
W<< = D8
W<< 
B>> play W D8
B<< = 
B<< 
B>> genmove b
B<< search cycle: 12222
B<< = D3
B<< 
W>> play B D3
W<< = 
W<< 
W>> genmove w
W<< = C6
W<< 
B>> play W C6
B<< = 
B<< 
B>> genmove b
B<< search cycle: 12554
B<< = J3
B<< 
W>> play B J3
W<< = 
W<< 
W>> genmove w
W<< = B9
W<< 
B>> play W B9
B<< = 
B<< 
B>> genmove b
B<< search cycle: 12954
B<< = C1
B<< 
W>> play B C1
W<< = 
W<< 
W>> genmove w
W<< = D1
W<< 
B>> play W D1
B<< = 
B<< 
B>> genmove b
B<< search cycle: 13599
B<< = C7
B<< 
W>> play B C7
W<< = 
W<< 
W>> genmove w
W<< = A9
W<< 
B>> play W A9
B<< = 
B<< 
B>> genmove b
B<< search cycle: 13917
B<< = J6
B<< 
W>> play B J6
W<< = 
W<< 
W>> genmove w
W<< = J8
W<< 
B>> play W J8
B<< = 
B<< 
B>> genmove b
B<< search cycle: 14677
B<< = C5
B<< 
W>> play B C5
W<< = 
W<< 
W>> genmove w
W<< = E7
W<< 
B>> play W E7
B<< = 
B<< 
B>> genmove b
B<< search cycle: 14848
B<< = A2
B<< 
W>> play B A2
W<< = 
W<< 
W>> genmove w
W<< = C4
W<< 
B>> play W C4
B<< = 
B<< 
B>> genmove b
B<< search cycle: 16427
B<< = F7
B<< 
W>> play B F7
W<< = 
W<< 
W>> genmove w
W<< = E3
W<< 
B>> play W E3
B<< = 
B<< 
B>> genmove b
B<< search cycle: 17054
B<< = G2
B<< 
W>> play B G2
W<< = 
W<< 
W>> genmove w
W<< = G1
W<< 
B>> play W G1
B<< = 
B<< 
B>> genmove b
B<< search cycle: 15967
B<< = A6
B<< 
W>> play B A6
W<< = 
W<< 
W>> genmove w
W<< = D9
W<< 
B>> play W D9
B<< = 
B<< 
B>> genmove b
B<< search cycle: 18729
B<< = C3
B<< 
W>> play B C3
W<< = 
W<< 
W>> genmove w
W<< = H2
W<< 
B>> play W H2
B<< = 
B<< 
B>> genmove b
B<< search cycle: 19136
B<< = H6
B<< 
W>> play B H6
W<< = 
W<< 
W>> genmove w
W<< = F8
W<< 
B>> play W F8
B<< = 
B<< 
B>> genmove b
B<< search cycle: 22438
B<< = J4
B<< 
W>> play B J4
W<< = 
W<< 
W>> genmove w
W<< = D2
W<< 
B>> play W D2
B<< = 
B<< 
B>> genmove b
B<< search cycle: 29742
B<< = C8
B<< 
W>> play B C8
W<< = 
W<< 
W>> genmove w
W<< = B7
W<< 
B>> play W B7
B<< = 
B<< 
B>> genmove b
B<< search cycle: 42216
B<< = C2
B<< 
W>> play B C2
W<< = 
W<< 
W>> genmove w
W<< = H5
W<< 
B>> play W H5
B<< = 
B<< 
B>> genmove b
B<< search cycle: 72373
B<< = resign
B<< 
============================================
Game 3
============================================
B>> boardsize 9
B<< = 
B<< 
B>> clear_board
B<< = 
B<< 
W>> boardsize 9
W<< = 
W<< 
W>> clear_board
W<< = 
W<< 
B>> genmove b
B<< search cycle: 8760
B<< = J4
B<< 
W>> play B J4
W<< = 
W<< 
W>> genmove w
W<< = E7
W<< 
B>> play W E7
B<< = 
B<< 
B>> genmove b
B<< search cycle: 8765
B<< = F1
B<< 
W>> play B F1
W<< = 
W<< 
W>> genmove w
W<< = J3
W<< 
B>> play W J3
B<< = 
B<< 
B>> genmove b
B<< search cycle: 8988
B<< = D9
B<< 
W>> play B D9
W<< = 
W<< 
W>> genmove w
W<< = J1
W<< 
B>> play W J1
B<< = 
B<< 
B>> genmove b
B<< search cycle: 9017
B<< = J5
B<< 
W>> play B J5
W<< = 
W<< 
W>> genmove w
W<< = H9
W<< 
B>> play W H9
B<< = 
B<< 
B>> genmove b
B<< search cycle: 9207
B<< = D1
B<< 
W>> play B D1
W<< = 
W<< 
W>> genmove w
W<< = C6
W<< 
B>> play W C6
B<< = 
B<< 
B>> genmove b
B<< search cycle: 9262
B<< = H7
B<< 
W>> play B H7
W<< = 
W<< 
W>> genmove w
W<< = A5
W<< 
B>> play W A5
B<< = 
B<< 
B>> genmove b
B<< search cycle: 9339
B<< = G5
B<< 
W>> play B G5
W<< = 
W<< 
W>> genmove w
W<< = J8
W<< 
B>> play W J8
B<< = 
B<< 
B>> genmove b
B<< search cycle: 9368
B<< = B6
B<< 
W>> play B B6
W<< = 
W<< 
W>> genmove w
W<< = C4
W<< 
B>> play W C4
B<< = 
B<< 
B>> genmove b
B<< search cycle: 9407
B<< = G3
B<< 
W>> play B G3
W<< = 
W<< 
W>> genmove w
W<< = A3
W<< 
B>> play W A3
B<< = 
B<< 
B>> genmove b
B<< search cycle: 9628
B<< = H1
B<< 
W>> play B H1
W<< = 
W<< 
W>> genmove w
W<< = D3
W<< 
B>> play W D3
B<< = 
B<< 
B>> genmove b
B<< search cycle: 9721
B<< = A6
B<< 
W>> play B A6
W<< = 
W<< 
W>> genmove w
W<< = E1
W<< 
B>> play W E1
B<< = 
B<< 
B>> genmove b
B<< search cycle: 10289
B<< = A4
B<< 
W>> play B A4
W<< = 
W<< 
W>> genmove w
W<< = A9
W<< 
B>> play W A9
B<< = 
B<< 
B>> genmove b
B<< search cycle: 10440
B<< = G9
B<< 
W>> play B G9
W<< = 
W<< 
W>> genmove w
W<< = G6
W<< 
B>> play W G6
B<< = 
B<< 
B>> genmove b
B<< search cycle: 10571
B<< = F9
B<< 
W>> play B F9
W<< = 
W<< 
W>> genmove w
W<< = G2
W<< 
B>> play W G2
B<< = 
B<< 
B>> genmove b
B<< search cycle: 11316
B<< = C8
B<< 
W>> play B C8
W<< = 
W<< 
W>> genmove w
W<< = A7
W<< 
B>> play W A7
B<< = 
B<< 
B>> genmove b
B<< search cycle: 11514
B<< = C7
B<< 
W>> play B C7
W<< = 
W<< 
W>> genmove w
W<< = B1
W<< 
B>> play W B1
B<< = 
B<< 
B>> genmove b
B<< search cycle: 11301
B<< = G8
B<< 
W>> play B G8
W<< = 
W<< 
W>> genmove w
W<< = G4
W<< 
B>> play W G4
B<< = 
B<< 
B>> genmove b
B<< search cycle: 12076
B<< = J7
B<< 
W>> play B J7
W<< = 
W<< 
W>> genmove w
W<< = J6
W<< 
B>> play W J6
B<< = 
B<< 
B>> genmove b
B<< search cycle: 12714
B<< = E8
B<< 
W>> play B E8
W<< = 
W<< 
W>> genmove w
W<< = G7
W<< 
B>> play W G7
B<< = 
B<< 
B>> genmove b
B<< search cycle: 12979
B<< = B9
B<< 
W>> play B B9
W<< = 
W<< 
W>> genmove w
W<< = D8
W<< 
B>> play W D8
B<< = 
B<< 
B>> genmove b
B<< search cycle: 13805
B<< = F7
B<< 
W>> play B F7
W<< = 
W<< 
W>> genmove w
W<< = J9
W<< 
B>> play W J9
B<< = 
B<< 
B>> genmove b
B<< search cycle: 14260
B<< = A1
B<< 
W>> play B A1
W<< = 
W<< 
W>> genmove w
W<< = B3
W<< 
B>> play W B3
B<< = 
B<< 
B>> genmove b
B<< search cycle: 14514
B<< = H5
B<< 
W>> play B H5
W<< = 
W<< 
W>> genmove w
W<< = B5
W<< 
B>> play W B5
B<< = 
B<< 
B>> genmove b
B<< search cycle: 15299
B<< = H3
B<< 
W>> play B H3
W<< = 
W<< 
W>> genmove w
W<< = F3
W<< 
B>> play W F3
B<< = 
B<< 
B>> genmove b
B<< search cycle: 16140
B<< = C3
B<< 
W>> play B C3
W<< = 
W<< 
W>> genmove w
W<< = E2
W<< 
B>> play W E2
B<< = 
B<< 
B>> genmove b
B<< search cycle: 18235
B<< = H2
B<< 
W>> play B H2
W<< = 
W<< 
W>> genmove w
W<< = E3
W<< 
B>> play W E3
B<< = 
B<< 
B>> genmove b
B<< search cycle: 19329
B<< = A2
B<< 
W>> play B A2
W<< = 
W<< 
W>> genmove w
W<< = G1
W<< 
B>> play W G1
B<< = 
B<< 
B>> genmove b
B<< search cycle: 20148
B<< = B8
B<< 
W>> play B B8
W<< = 
W<< 
W>> genmove w
W<< = C5
W<< 
B>> play W C5
B<< = 
B<< 
B>> genmove b
B<< search cycle: 24034
B<< = C9
B<< 
W>> play B C9
W<< = 
W<< 
W>> genmove w
W<< = C1
W<< 
B>> play W C1
B<< = 
B<< 
B>> genmove b
B<< search cycle: 31960
B<< = B7
B<< 
W>> play B B7
W<< = 
W<< 
W>> genmove w
W<< = resign
W<< 
============================================
Game 4
============================================
B>> boardsize 9
B<< = 
B<< 
B>> clear_board
B<< = 
B<< 
W>> boardsize 9
W<< = 
W<< 
W>> clear_board
W<< = 
W<< 
B>> genmove b
B<< search cycle: 8854
B<< = B5
B<< 
W>> play B B5
W<< = 
W<< 
W>> genmove w
W<< = A9
W<< 
B>> play W A9
B<< = 
B<< 
B>> genmove b
B<< search cycle: 8756
B<< = G6
B<< 
W>> play B G6
W<< = 
W<< 
W>> genmove w
W<< = D1
W<< 
B>> play W D1
B<< = 
B<< 
B>> genmove b
B<< search cycle: 8949
B<< = A3
B<< 
W>> play B A3
W<< = 
W<< 
W>> genmove w
W<< = A1
W<< 
B>> play W A1
B<< = 
B<< 
B>> genmove b
B<< search cycle: 8624
B<< = H4
B<< 
W>> play B H4
W<< = 
W<< 
W>> genmove w
W<< = C7
W<< 
B>> play W C7
B<< = 
B<< 
B>> genmove b
B<< search cycle: 9106
B<< = G3
B<< 
W>> play B G3
W<< = 
W<< 
W>> genmove w
W<< = E7
W<< 
B>> play W E7
B<< = 
B<< 
B>> genmove b
B<< search cycle: 8929
B<< = A6
B<< 
W>> play B A6
W<< = 
W<< 
W>> genmove w
W<< = H1
W<< 
B>> play W H1
B<< = 
B<< 
B>> genmove b
B<< search cycle: 8370
B<< = A4
B<< 
W>> play B A4
W<< = 
W<< 
W>> genmove w
W<< = J2
W<< 
B>> play W J2
B<< = 
B<< 
B>> genmove b
B<< search cycle: 8510
B<< = J5
B<< 
W>> play B J5
W<< = 
W<< 
W>> genmove w
W<< = B4
W<< 
B>> play W B4
B<< = 
B<< 
B>> genmove b
B<< search cycle: 9245
B<< = J6
B<< 
W>> play B J6
W<< = 
W<< 
W>> genmove w
W<< = F3
W<< 
B>> play W F3
B<< = 
B<< 
B>> genmove b
B<< search cycle: 9536
B<< = H3
B<< 
W>> play B H3
W<< = 
W<< 
W>> genmove w
W<< = J9
W<< 
B>> play W J9
B<< = 
B<< 
B>> genmove b
B<< search cycle: 9391
B<< = D8
B<< 
W>> play B D8
W<< = 
W<< 
W>> genmove w
W<< = E2
W<< 
B>> play W E2
B<< = 
B<< 
B>> genmove b
B<< search cycle: 9703
B<< = D9
B<< 
W>> play B D9
W<< = 
W<< 
W>> genmove w
W<< = H5
W<< 
B>> play W H5
B<< = 
B<< 
B>> genmove b
B<< search cycle: 10128
B<< = H7
B<< 
W>> play B H7
W<< = 
W<< 
W>> genmove w
W<< = G7
W<< 
B>> play W G7
B<< = 
B<< 
B>> genmove b
B<< search cycle: 10366
B<< = G1
B<< 
W>> play B G1
W<< = 
W<< 
W>> genmove w
W<< = H8
W<< 
B>> play W H8
B<< = 
B<< 
B>> genmove b
B<< search cycle: 10491
B<< = E3
B<< 
W>> play B E3
W<< = 
W<< 
W>> genmove w
W<< = C5
W<< 
B>> play W C5
B<< = 
B<< 
B>> genmove b
B<< search cycle: 11315
B<< = A8
B<< 
W>> play B A8
W<< = 
W<< 
W>> genmove w
W<< = C3
W<< 
B>> play W C3
B<< = 
B<< 
B>> genmove b
B<< search cycle: 11475
B<< = G5
B<< 
W>> play B G5
W<< = 
W<< 
W>> genmove w
W<< = A7
W<< 
B>> play W A7
B<< = 
B<< 
B>> genmove b
B<< search cycle: 11581
B<< = H2
B<< 
W>> play B H2
W<< = 
W<< 
W>> genmove w
W<< = B6
W<< 
B>> play W B6
B<< = 
B<< 
B>> genmove b
B<< search cycle: 12286
B<< = C1
B<< 
W>> play B C1
W<< = 
W<< 
W>> genmove w
W<< = E9
W<< 
B>> play W E9
B<< = 
B<< 
B>> genmove b
B<< search cycle: 13038
B<< = J3
B<< 
W>> play B J3
W<< = 
W<< 
W>> genmove w
W<< = D2
W<< 
B>> play W D2
B<< = 
B<< 
B>> genmove b
B<< search cycle: 12520
B<< = F9
B<< 
W>> play B F9
W<< = 
W<< 
W>> genmove w
W<< = F8
W<< 
B>> play W F8
B<< = 
B<< 
B>> genmove b
B<< search cycle: 12716
B<< = J8
B<< 
W>> play B J8
W<< = 
W<< 
W>> genmove w
W<< = B2
W<< 
B>> play W B2
B<< = 
B<< 
B>> genmove b
B<< search cycle: 13274
B<< = E1
B<< 
W>> play B E1
W<< = 
W<< 
W>> genmove w
W<< = G8
W<< 
B>> play W G8
B<< = 
B<< 
B>> genmove b
B<< search cycle: 13343
B<< = G2
B<< 
W>> play B G2
W<< = 
W<< 
W>> genmove w
W<< = C9
W<< 
B>> play W C9
B<< = 
B<< 
B>> genmove b
B<< search cycle: 13903
B<< = C8
B<< 
W>> play B C8
W<< = 
W<< 
W>> genmove w
W<< = A2
W<< 
B>> play W A2
B<< = 
B<< 
B>> genmove b
B<< search cycle: 14142
B<< = B1
B<< 
W>> play B B1
W<< = 
W<< 
W>> genmove w
W<< = D7
W<< 
B>> play W D7
B<< = 
B<< 
B>> genmove b
B<< search cycle: 11684
B<< = G9
B<< 
W>> play B G9
W<< = 
W<< 
W>> genmove w
W<< = B3
W<< 
B>> play W B3
B<< = 
B<< 
B>> genmove b
B<< search cycle: 15373
B<< = J4
B<< 
W>> play B J4
W<< = 
W<< 
W>> genmove w
W<< = C6
W<< 
B>> play W C6
B<< = 
B<< 
B>> genmove b
B<< search cycle: 13937
B<< = J7
B<< 
W>> play B J7
W<< = 
W<< 
W>> genmove w
W<< = F2
W<< 
B>> play W F2
B<< = 
B<< 
B>> genmove b
B<< search cycle: 19018
B<< = G4
B<< 
W>> play B G4
W<< = 
W<< 
W>> genmove w
W<< = C4
W<< 
B>> play W C4
B<< = 
B<< 
B>> genmove b
B<< search cycle: 24139
B<< = B8
B<< 
W>> play B B8
W<< = 
W<< 
W>> genmove w
W<< = E8
W<< 
B>> play W E8
B<< = 
B<< 
B>> genmove b
B<< search cycle: 37038
B<< = F1
B<< 
W>> play B F1
W<< = 
W<< 
W>> genmove w
W<< = F7
W<< 
B>> play W F7
B<< = 
B<< 
B>> genmove b
B<< search cycle: 71322
B<< = resign
B<< 
B>> quit
W>> quit
